2021-03-11T17:29:39.654 | INFO  | listeners.Listeners : testGetRequestToValidateJsonResponseBody is started successfully
2021-03-11T17:29:43.973 | INFO  | listeners.Listeners : testGetRequestToValidateJsonResponseBody test case is passed
2021-03-11T17:29:43.986 | INFO  | listeners.Listeners : testGetRequestToValidateJsonResponseHeader is started successfully
2021-03-11T17:29:44.056 | INFO  | listeners.Listeners : testGetRequestToValidateJsonResponseHeader test case is passed
2021-03-11T17:29:44.062 | INFO  | listeners.Listeners : testGetRequestToValidateResponseBodyUsingJsonPath is started successfully
2021-03-11T17:29:44.203 | INFO  | listeners.Listeners : testGetRequestToValidateResponseBodyUsingJsonPath test case is passed
2021-03-11T17:29:44.205 | INFO  | listeners.Listeners : testGetRequestToValidateStatusCode is started successfully
2021-03-11T17:29:44.286 | ERROR | listeners.Listeners : testGetRequestToValidateStatusCode test case is failed
2021-03-11T17:29:44.296 | INFO  | listeners.Listeners : testGetRequestToValidateStatusLine is started successfully
2021-03-11T17:29:44.393 | INFO  | listeners.Listeners : testGetRequestToValidateStatusLine test case is passed
2021-03-11T17:29:44.393 | INFO  | listeners.Listeners : testGetRequestToValidateXmlResponseBody is started successfully
2021-03-11T17:29:44.755 | ERROR | listeners.Listeners : testGetRequestToValidateXmlResponseBody test case is failed
2021-03-11T17:29:44.765 | INFO  | listeners.Listeners : testGetRequestToValidateXmlResponseHeader is started successfully
2021-03-11T17:29:44.799 | INFO  | listeners.Listeners : testGetRequestToValidateXmlResponseHeader test case is passed
2021-03-11T17:58:56.445 | INFO  | listeners.Listeners : testGetRequestToValidateJsonResponseBody is started successfully
2021-03-11T17:58:59.563 | INFO  | listeners.Listeners : testGetRequestToValidateJsonResponseBody test case is passed
2021-03-11T17:58:59.566 | INFO  | listeners.Listeners : testGetRequestToValidateJsonResponseHeader is started successfully
2021-03-11T17:58:59.613 | INFO  | listeners.Listeners : testGetRequestToValidateJsonResponseHeader test case is passed
2021-03-11T17:58:59.621 | INFO  | listeners.Listeners : testGetRequestToValidateResponseBodyUsingJsonPath is started successfully
2021-03-11T17:58:59.759 | INFO  | listeners.Listeners : testGetRequestToValidateResponseBodyUsingJsonPath test case is passed
2021-03-11T17:58:59.778 | INFO  | listeners.Listeners : testGetRequestToValidateStatusCode is started successfully
2021-03-11T17:58:59.890 | ERROR | listeners.Listeners : testGetRequestToValidateStatusCode test case is failed
2021-03-11T17:58:59.894 | INFO  | listeners.Listeners : testGetRequestToValidateStatusLine is started successfully
2021-03-11T17:58:59.969 | INFO  | listeners.Listeners : testGetRequestToValidateStatusLine test case is passed
2021-03-11T17:58:59.971 | INFO  | listeners.Listeners : testGetRequestToValidateXmlResponseBody is started successfully
2021-03-11T17:59:00.470 | ERROR | listeners.Listeners : testGetRequestToValidateXmlResponseBody test case is failed
2021-03-11T17:59:00.470 | INFO  | listeners.Listeners : testGetRequestToValidateXmlResponseHeader is started successfully
2021-03-11T17:59:00.548 | INFO  | listeners.Listeners : testGetRequestToValidateXmlResponseHeader test case is passed
2021-03-11T17:59:00.548 | INFO  | listeners.Listeners : testUpdateUsingPutRequest is started successfully
2021-03-11T17:59:00.842 | ERROR | listeners.Listeners : testUpdateUsingPutRequest test case is failed
2021-03-11T18:00:10.621 | INFO  | listeners.Listeners : testGetRequestToValidateJsonResponseBody is started successfully
2021-03-11T18:00:13.504 | INFO  | listeners.Listeners : testGetRequestToValidateJsonResponseBody test case is passed
2021-03-11T18:00:13.511 | INFO  | listeners.Listeners : testGetRequestToValidateJsonResponseHeader is started successfully
2021-03-11T18:00:13.559 | INFO  | listeners.Listeners : testGetRequestToValidateJsonResponseHeader test case is passed
2021-03-11T18:00:13.562 | INFO  | listeners.Listeners : testGetRequestToValidateResponseBodyUsingJsonPath is started successfully
2021-03-11T18:00:13.652 | INFO  | listeners.Listeners : testGetRequestToValidateResponseBodyUsingJsonPath test case is passed
2021-03-11T18:00:13.657 | INFO  | listeners.Listeners : testGetRequestToValidateStatusCode is started successfully
2021-03-11T18:00:13.718 | ERROR | listeners.Listeners : testGetRequestToValidateStatusCode test case is failed
2021-03-11T18:00:13.724 | INFO  | listeners.Listeners : testGetRequestToValidateStatusLine is started successfully
2021-03-11T18:00:13.776 | INFO  | listeners.Listeners : testGetRequestToValidateStatusLine test case is passed
2021-03-11T18:00:13.778 | INFO  | listeners.Listeners : testGetRequestToValidateXmlResponseBody is started successfully
2021-03-11T18:00:14.065 | ERROR | listeners.Listeners : testGetRequestToValidateXmlResponseBody test case is failed
2021-03-11T18:00:14.070 | INFO  | listeners.Listeners : testGetRequestToValidateXmlResponseHeader is started successfully
2021-03-11T18:00:14.097 | INFO  | listeners.Listeners : testGetRequestToValidateXmlResponseHeader test case is passed
2021-03-11T18:00:14.100 | INFO  | listeners.Listeners : testUpdateUsingPutRequest is started successfully
2021-03-11T18:00:14.287 | INFO  | listeners.Listeners : testUpdateUsingPutRequest test case is passed
2021-03-11T18:08:13.985 | INFO  | listeners.Listeners : testUpdateUsingPutRequest is started successfully
2021-03-11T18:08:15.965 | INFO  | listeners.Listeners : testUpdateUsingPutRequest test case is passed
2021-03-11T18:10:59.814 | INFO  | listeners.Listeners : testGetRequestToValidateJsonResponseBody is started successfully
2021-03-11T18:11:02.761 | INFO  | listeners.Listeners : testGetRequestToValidateJsonResponseBody test case is passed
2021-03-11T18:11:02.767 | INFO  | listeners.Listeners : testGetRequestToValidateJsonResponseHeader is started successfully
2021-03-11T18:11:02.817 | INFO  | listeners.Listeners : testGetRequestToValidateJsonResponseHeader test case is passed
2021-03-11T18:11:02.822 | INFO  | listeners.Listeners : testGetRequestToValidateResponseBodyUsingJsonPath is started successfully
2021-03-11T18:11:02.902 | INFO  | listeners.Listeners : testGetRequestToValidateResponseBodyUsingJsonPath test case is passed
2021-03-11T18:11:02.902 | INFO  | listeners.Listeners : testGetRequestToValidateStatusCode is started successfully
2021-03-11T18:11:02.993 | ERROR | listeners.Listeners : testGetRequestToValidateStatusCode test case is failed
2021-03-11T18:11:02.998 | INFO  | listeners.Listeners : testGetRequestToValidateStatusLine is started successfully
2021-03-11T18:11:03.034 | INFO  | listeners.Listeners : testGetRequestToValidateStatusLine test case is passed
2021-03-11T18:11:03.042 | INFO  | listeners.Listeners : testGetRequestToValidateXmlResponseBody is started successfully
2021-03-11T18:11:03.317 | ERROR | listeners.Listeners : testGetRequestToValidateXmlResponseBody test case is failed
2021-03-11T18:11:03.325 | INFO  | listeners.Listeners : testGetRequestToValidateXmlResponseHeader is started successfully
2021-03-11T18:11:03.368 | INFO  | listeners.Listeners : testGetRequestToValidateXmlResponseHeader test case is passed
2021-03-11T18:11:03.368 | INFO  | listeners.Listeners : testUpdateUsingPutRequest is started successfully
2021-03-11T18:11:03.537 | INFO  | listeners.Listeners : testUpdateUsingPutRequest test case is passed
2021-03-11T20:59:01.297 | INFO  | listeners.Listeners : testGetRequestToValidateJsonResponseBody is started successfully
2021-03-11T20:59:05.200 | INFO  | listeners.Listeners : testGetRequestToValidateJsonResponseBody test case is passed
2021-03-11T20:59:05.218 | INFO  | listeners.Listeners : testGetRequestToValidateJsonResponseHeader is started successfully
2021-03-11T20:59:05.265 | INFO  | listeners.Listeners : testGetRequestToValidateJsonResponseHeader test case is passed
2021-03-11T20:59:05.281 | INFO  | listeners.Listeners : testGetRequestToValidateResponseBodyUsingJsonPath is started successfully
2021-03-11T20:59:05.359 | INFO  | listeners.Listeners : testGetRequestToValidateResponseBodyUsingJsonPath test case is passed
2021-03-11T20:59:05.375 | INFO  | listeners.Listeners : testGetRequestToValidateStatusCode is started successfully
2021-03-11T20:59:05.406 | INFO  | listeners.Listeners : testGetRequestToValidateStatusCode test case is passed
2021-03-11T20:59:05.422 | INFO  | listeners.Listeners : testGetRequestToValidateStatusLine is started successfully
2021-03-11T20:59:05.486 | INFO  | listeners.Listeners : testGetRequestToValidateStatusLine test case is passed
2021-03-11T20:59:05.489 | INFO  | listeners.Listeners : testGetRequestToValidateXmlResponseBody is started successfully
2021-03-11T20:59:05.877 | ERROR | listeners.Listeners : testGetRequestToValidateXmlResponseBody test case is failed
2021-03-11T20:59:05.877 | INFO  | listeners.Listeners : testGetRequestToValidateXmlResponseHeader is started successfully
2021-03-11T20:59:05.933 | INFO  | listeners.Listeners : testGetRequestToValidateXmlResponseHeader test case is passed
2021-03-11T20:59:05.941 | INFO  | listeners.Listeners : testUpdateUsingPutRequest is started successfully
2021-03-11T20:59:06.169 | ERROR | listeners.Listeners : testUpdateUsingPutRequest test case is failed
2021-03-11T20:59:06.169 | INFO  | listeners.Listeners : deleteSpecificRecordUsingDeleteRequest is started successfully
2021-03-11T20:59:06.268 | INFO  | listeners.Listeners : deleteSpecificRecordUsingDeleteRequest test case is passed
2021-03-11T21:11:16.483 | INFO  | listeners.Listeners : testGetRequestToValidateJsonResponseBody is started successfully
2021-03-11T21:11:20.384 | INFO  | listeners.Listeners : testGetRequestToValidateJsonResponseBody test case is passed
2021-03-11T21:11:20.399 | INFO  | listeners.Listeners : testGetRequestToValidateJsonResponseHeader is started successfully
2021-03-11T21:11:20.462 | INFO  | listeners.Listeners : testGetRequestToValidateJsonResponseHeader test case is passed
2021-03-11T21:11:20.462 | INFO  | listeners.Listeners : testGetRequestToValidateResponseBodyUsingJsonPath is started successfully
2021-03-11T21:11:20.556 | INFO  | listeners.Listeners : testGetRequestToValidateResponseBodyUsingJsonPath test case is passed
2021-03-11T21:11:20.556 | INFO  | listeners.Listeners : testGetRequestToValidateStatusCode is started successfully
2021-03-11T21:11:20.587 | INFO  | listeners.Listeners : testGetRequestToValidateStatusCode test case is passed
2021-03-11T21:11:20.602 | INFO  | listeners.Listeners : testGetRequestToValidateStatusLine is started successfully
2021-03-11T21:11:20.665 | INFO  | listeners.Listeners : testGetRequestToValidateStatusLine test case is passed
2021-03-11T21:11:20.665 | INFO  | listeners.Listeners : testGetRequestToValidateXmlResponseBody is started successfully
2021-03-11T21:11:21.034 | INFO  | listeners.Listeners : testGetRequestToValidateXmlResponseBody test case is passed
2021-03-11T21:11:21.042 | INFO  | listeners.Listeners : testGetRequestToValidateXmlResponseHeader is started successfully
2021-03-11T21:11:21.071 | INFO  | listeners.Listeners : testGetRequestToValidateXmlResponseHeader test case is passed
2021-03-11T21:11:21.071 | INFO  | listeners.Listeners : testUpdateUsingPutRequest is started successfully
2021-03-11T21:11:21.303 | ERROR | listeners.Listeners : testUpdateUsingPutRequest test case is failed
2021-03-11T21:11:21.303 | INFO  | listeners.Listeners : deleteSpecificRecordUsingDeleteRequest is started successfully
2021-03-11T21:11:21.383 | ERROR | listeners.Listeners : deleteSpecificRecordUsingDeleteRequest test case is failed
2021-03-11T21:19:09.791 | INFO  | tests.BaseTest : Inside @BeforeSuite Annotation to initialie the Extent Report
2021-03-11T21:19:56.021 | INFO  | tests.BaseTest : Inside @BeforeSuite Annotation to initialie the Extent Report
