2021-03-20T12:23:53.649 | INFO  | tests.BaseTest : Inside @BeforeSuite Annotation to initialie the Extent Report
2021-03-20T12:23:55.102 | INFO  | listeners.CustomTestListeners : getRequestToValidateJsonResponseBody is started successfully
2021-03-20T12:24:01.183 | ERROR | listeners.CustomTestListeners : getRequestToValidateJsonResponseBody test case is failed
2021-03-20T12:24:01.196 | INFO  | listeners.CustomTestListeners : getRequestToValidateJsonResponseHeader is started successfully
2021-03-20T12:24:05.271 | ERROR | listeners.CustomTestListeners : getRequestToValidateJsonResponseHeader test case is failed
2021-03-20T12:24:05.279 | INFO  | listeners.CustomTestListeners : getRequestToValidateResponseBodyUsingJsonPath is started successfully
2021-03-20T12:24:09.349 | ERROR | listeners.CustomTestListeners : getRequestToValidateResponseBodyUsingJsonPath test case is failed
2021-03-20T12:24:09.357 | INFO  | listeners.CustomTestListeners : getRequestToValidateStatusCode is started successfully
2021-03-20T12:24:13.426 | ERROR | listeners.CustomTestListeners : getRequestToValidateStatusCode test case is failed
2021-03-20T12:24:13.434 | INFO  | listeners.CustomTestListeners : getRequestToValidateStatusLine is started successfully
2021-03-20T12:24:17.489 | ERROR | listeners.CustomTestListeners : getRequestToValidateStatusLine test case is failed
2021-03-20T12:24:17.500 | INFO  | listeners.CustomTestListeners : getRequestToValidateXmlResponseBody is started successfully
2021-03-20T12:24:21.551 | ERROR | listeners.CustomTestListeners : getRequestToValidateXmlResponseBody test case is failed
2021-03-20T12:24:21.578 | INFO  | listeners.CustomTestListeners : getRequestToValidateXmlResponseHeader is started successfully
2021-03-20T12:24:25.633 | ERROR | listeners.CustomTestListeners : getRequestToValidateXmlResponseHeader test case is failed
2021-03-20T12:24:25.664 | INFO  | listeners.CustomTestListeners : updateUsingPutRequest is started successfully
2021-03-20T12:24:29.947 | ERROR | listeners.CustomTestListeners : updateUsingPutRequest test case is failed
2021-03-20T12:24:29.961 | INFO  | listeners.CustomTestListeners : deleteRequestWithPathParam is started successfully
2021-03-20T12:24:34.116 | ERROR | listeners.CustomTestListeners : deleteRequestWithPathParam test case is failed
2021-03-20T12:24:34.127 | INFO  | listeners.CustomTestListeners : deleteSpecificRecordUsingDeleteRequest is started successfully
2021-03-20T12:24:38.237 | ERROR | listeners.CustomTestListeners : deleteSpecificRecordUsingDeleteRequest test case is failed
2021-03-20T12:24:38.257 | INFO  | listeners.CustomTestListeners : getParticularJobDetailsUsingQueryParams is started successfully
2021-03-20T12:24:42.358 | ERROR | listeners.CustomTestListeners : getParticularJobDetailsUsingQueryParams test case is failed
2021-03-20T12:24:42.374 | INFO  | listeners.CustomTestListeners : patchRequestWithQueryParam is started successfully
2021-03-20T12:24:46.517 | ERROR | listeners.CustomTestListeners : patchRequestWithQueryParam test case is failed
2021-03-20T12:24:46.539 | INFO  | listeners.CustomTestListeners : headRequestToValidateStatusCode is started successfully
2021-03-20T12:24:50.651 | ERROR | listeners.CustomTestListeners : headRequestToValidateStatusCode test case is failed
2021-03-20T12:24:50.672 | INFO  | listeners.CustomTestListeners : secureGetRequestUsingChallengedBasicAuth is started successfully
2021-03-20T12:24:54.780 | ERROR | listeners.CustomTestListeners : secureGetRequestUsingChallengedBasicAuth test case is failed
2021-03-20T12:24:54.796 | INFO  | listeners.CustomTestListeners : getRequestUsingDigestAuth is started successfully
2021-03-20T12:24:56.586 | INFO  | listeners.CustomTestListeners : getRequestUsingDigestAuth test case is passed
2021-03-20T13:17:08.242 | INFO  | tests.BaseTest : Inside @BeforeSuite Annotation to initialie the Extent Report
2021-03-20T13:17:09.616 | INFO  | listeners.CustomTestListeners : getRequestToValidateJsonResponseBody is started successfully
2021-03-20T13:17:14.413 | INFO  | listeners.CustomTestListeners : getRequestToValidateJsonResponseBody test case is passed
2021-03-20T13:17:14.423 | INFO  | listeners.CustomTestListeners : getRequestToValidateJsonResponseHeader is started successfully
2021-03-20T13:17:14.501 | INFO  | listeners.CustomTestListeners : getRequestToValidateJsonResponseHeader test case is passed
2021-03-20T13:17:14.516 | INFO  | listeners.CustomTestListeners : getRequestToValidateResponseBodyUsingJsonPath is started successfully
2021-03-20T13:17:14.657 | INFO  | listeners.CustomTestListeners : getRequestToValidateResponseBodyUsingJsonPath test case is passed
2021-03-20T13:17:14.657 | INFO  | listeners.CustomTestListeners : getRequestToValidateStatusCode is started successfully
2021-03-20T13:17:14.704 | INFO  | listeners.CustomTestListeners : getRequestToValidateStatusCode test case is passed
2021-03-20T13:17:14.719 | INFO  | listeners.CustomTestListeners : getRequestToValidateStatusLine is started successfully
2021-03-20T13:17:14.876 | INFO  | listeners.CustomTestListeners : getRequestToValidateStatusLine test case is passed
2021-03-20T13:17:14.876 | INFO  | listeners.CustomTestListeners : getRequestToValidateXmlResponseBody is started successfully
2021-03-20T13:17:15.341 | INFO  | listeners.CustomTestListeners : getRequestToValidateXmlResponseBody test case is passed
2021-03-20T13:17:15.341 | INFO  | listeners.CustomTestListeners : getRequestToValidateXmlResponseHeader is started successfully
2021-03-20T13:17:15.391 | INFO  | listeners.CustomTestListeners : getRequestToValidateXmlResponseHeader test case is passed
2021-03-20T13:17:15.391 | INFO  | listeners.CustomTestListeners : updateUsingPutRequest is started successfully
2021-03-20T13:17:15.729 | ERROR | listeners.CustomTestListeners : updateUsingPutRequest test case is failed
2021-03-20T13:17:15.729 | INFO  | listeners.CustomTestListeners : deleteRequestWithPathParam is started successfully
2021-03-20T13:17:15.822 | ERROR | listeners.CustomTestListeners : deleteRequestWithPathParam test case is failed
2021-03-20T13:17:15.822 | INFO  | listeners.CustomTestListeners : deleteSpecificRecordUsingDeleteRequest is started successfully
2021-03-20T13:17:15.885 | ERROR | listeners.CustomTestListeners : deleteSpecificRecordUsingDeleteRequest test case is failed
2021-03-20T13:17:15.885 | INFO  | listeners.CustomTestListeners : getParticularJobDetailsUsingQueryParams is started successfully
2021-03-20T13:17:16.010 | INFO  | listeners.CustomTestListeners : getParticularJobDetailsUsingQueryParams test case is passed
2021-03-20T13:17:16.010 | INFO  | listeners.CustomTestListeners : patchRequestWithQueryParam is started successfully
2021-03-20T13:17:16.057 | ERROR | listeners.CustomTestListeners : patchRequestWithQueryParam test case is failed
2021-03-20T13:17:16.057 | INFO  | listeners.CustomTestListeners : headRequestToValidateStatusCode is started successfully
2021-03-20T13:17:16.104 | INFO  | listeners.CustomTestListeners : headRequestToValidateStatusCode test case is passed
2021-03-20T13:17:16.119 | INFO  | listeners.CustomTestListeners : secureGetRequestUsingChallengedBasicAuth is started successfully
2021-03-20T13:17:16.645 | INFO  | listeners.CustomTestListeners : secureGetRequestUsingChallengedBasicAuth test case is passed
2021-03-20T13:17:16.645 | INFO  | listeners.CustomTestListeners : getRequestUsingDigestAuth is started successfully
2021-03-20T13:17:18.600 | INFO  | listeners.CustomTestListeners : getRequestUsingDigestAuth test case is passed
2021-03-20T13:18:24.871 | INFO  | tests.BaseTest : Inside @BeforeSuite Annotation to initialie the Extent Report
2021-03-20T13:18:26.245 | INFO  | listeners.CustomTestListeners : getRequestToValidateJsonResponseBody is started successfully
2021-03-20T13:18:30.232 | INFO  | listeners.CustomTestListeners : getRequestToValidateJsonResponseBody test case is passed
2021-03-20T13:18:30.238 | INFO  | listeners.CustomTestListeners : getRequestToValidateJsonResponseHeader is started successfully
2021-03-20T13:18:30.301 | INFO  | listeners.CustomTestListeners : getRequestToValidateJsonResponseHeader test case is passed
2021-03-20T13:18:30.301 | INFO  | listeners.CustomTestListeners : getRequestToValidateResponseBodyUsingJsonPath is started successfully
2021-03-20T13:18:30.395 | INFO  | listeners.CustomTestListeners : getRequestToValidateResponseBodyUsingJsonPath test case is passed
2021-03-20T13:18:30.410 | INFO  | listeners.CustomTestListeners : getRequestToValidateStatusCode is started successfully
2021-03-20T13:18:30.457 | INFO  | listeners.CustomTestListeners : getRequestToValidateStatusCode test case is passed
2021-03-20T13:18:30.473 | INFO  | listeners.CustomTestListeners : getRequestToValidateStatusLine is started successfully
2021-03-20T13:18:30.567 | INFO  | listeners.CustomTestListeners : getRequestToValidateStatusLine test case is passed
2021-03-20T13:18:30.567 | INFO  | listeners.CustomTestListeners : getRequestToValidateXmlResponseBody is started successfully
2021-03-20T13:18:30.925 | INFO  | listeners.CustomTestListeners : getRequestToValidateXmlResponseBody test case is passed
2021-03-20T13:18:30.925 | INFO  | listeners.CustomTestListeners : getRequestToValidateXmlResponseHeader is started successfully
2021-03-20T13:18:31.003 | INFO  | listeners.CustomTestListeners : getRequestToValidateXmlResponseHeader test case is passed
2021-03-20T13:18:31.003 | INFO  | listeners.CustomTestListeners : updateUsingPutRequest is started successfully
2021-03-20T13:18:31.222 | ERROR | listeners.CustomTestListeners : updateUsingPutRequest test case is failed
2021-03-20T13:18:31.238 | INFO  | listeners.CustomTestListeners : deleteRequestWithPathParam is started successfully
2021-03-20T13:18:31.337 | ERROR | listeners.CustomTestListeners : deleteRequestWithPathParam test case is failed
2021-03-20T13:18:31.337 | INFO  | listeners.CustomTestListeners : deleteSpecificRecordUsingDeleteRequest is started successfully
2021-03-20T13:18:31.368 | ERROR | listeners.CustomTestListeners : deleteSpecificRecordUsingDeleteRequest test case is failed
2021-03-20T13:18:31.384 | INFO  | listeners.CustomTestListeners : getParticularJobDetailsUsingQueryParams is started successfully
2021-03-20T13:18:31.431 | INFO  | listeners.CustomTestListeners : getParticularJobDetailsUsingQueryParams test case is passed
2021-03-20T13:18:31.446 | INFO  | listeners.CustomTestListeners : patchRequestWithQueryParam is started successfully
2021-03-20T13:18:31.493 | ERROR | listeners.CustomTestListeners : patchRequestWithQueryParam test case is failed
2021-03-20T13:18:31.509 | INFO  | listeners.CustomTestListeners : headRequestToValidateStatusCode is started successfully
2021-03-20T13:18:31.556 | INFO  | listeners.CustomTestListeners : headRequestToValidateStatusCode test case is passed
2021-03-20T13:18:31.556 | INFO  | listeners.CustomTestListeners : secureGetRequestUsingChallengedBasicAuth is started successfully
2021-03-20T13:18:31.822 | INFO  | listeners.CustomTestListeners : secureGetRequestUsingChallengedBasicAuth test case is passed
2021-03-20T13:18:31.838 | INFO  | listeners.CustomTestListeners : getRequestUsingDigestAuth is started successfully
2021-03-20T13:18:32.760 | INFO  | listeners.CustomTestListeners : getRequestUsingDigestAuth test case is passed
2021-03-20T13:18:32.769 | INFO  | listeners.CustomTestListeners : validateJsonSchema is started successfully
2021-03-20T13:18:33.528 | INFO  | listeners.CustomTestListeners : validateJsonSchema test case is passed
2021-03-20T14:53:31.309 | INFO  | tests.BaseTest : Inside @BeforeSuite Annotation to initialie the Extent Report
2021-03-20T14:53:32.337 | INFO  | listeners.CustomTestListeners : getRequestToValidateJsonResponseBody is started successfully
2021-03-20T14:53:35.893 | INFO  | listeners.CustomTestListeners : getRequestToValidateJsonResponseBody test case is passed
2021-03-20T14:53:35.899 | INFO  | listeners.CustomTestListeners : getRequestToValidateJsonResponseHeader is started successfully
2021-03-20T14:53:35.993 | INFO  | listeners.CustomTestListeners : getRequestToValidateJsonResponseHeader test case is passed
2021-03-20T14:53:35.993 | INFO  | listeners.CustomTestListeners : getRequestToValidateResponseBodyUsingJsonPath is started successfully
2021-03-20T14:53:36.148 | INFO  | listeners.CustomTestListeners : getRequestToValidateResponseBodyUsingJsonPath test case is passed
2021-03-20T14:53:36.164 | INFO  | listeners.CustomTestListeners : getRequestToValidateStatusCode is started successfully
2021-03-20T14:53:36.314 | INFO  | listeners.CustomTestListeners : getRequestToValidateStatusCode test case is passed
2021-03-20T14:53:36.316 | INFO  | listeners.CustomTestListeners : getRequestToValidateStatusLine is started successfully
2021-03-20T14:53:36.632 | INFO  | listeners.CustomTestListeners : getRequestToValidateStatusLine test case is passed
2021-03-20T14:53:36.632 | INFO  | listeners.CustomTestListeners : getRequestToValidateXmlResponseBody is started successfully
2021-03-20T14:53:37.197 | INFO  | listeners.CustomTestListeners : getRequestToValidateXmlResponseBody test case is passed
2021-03-20T14:53:37.205 | INFO  | listeners.CustomTestListeners : getRequestToValidateXmlResponseHeader is started successfully
2021-03-20T14:53:37.236 | INFO  | listeners.CustomTestListeners : getRequestToValidateXmlResponseHeader test case is passed
2021-03-20T14:53:37.236 | INFO  | listeners.CustomTestListeners : updateUsingPutRequest is started successfully
2021-03-20T14:53:37.392 | ERROR | listeners.CustomTestListeners : updateUsingPutRequest test case is failed
2021-03-20T14:53:37.392 | INFO  | listeners.CustomTestListeners : deleteRequestWithPathParam is started successfully
2021-03-20T14:53:37.486 | ERROR | listeners.CustomTestListeners : deleteRequestWithPathParam test case is failed
2021-03-20T14:53:37.486 | INFO  | listeners.CustomTestListeners : deleteSpecificRecordUsingDeleteRequest is started successfully
2021-03-20T14:53:37.533 | ERROR | listeners.CustomTestListeners : deleteSpecificRecordUsingDeleteRequest test case is failed
2021-03-20T14:53:37.533 | INFO  | listeners.CustomTestListeners : getParticularJobDetailsUsingQueryParams is started successfully
2021-03-20T14:53:37.611 | INFO  | listeners.CustomTestListeners : getParticularJobDetailsUsingQueryParams test case is passed
2021-03-20T14:53:37.611 | INFO  | listeners.CustomTestListeners : patchRequestWithQueryParam is started successfully
2021-03-20T14:53:37.674 | ERROR | listeners.CustomTestListeners : patchRequestWithQueryParam test case is failed
2021-03-20T14:53:37.674 | INFO  | listeners.CustomTestListeners : headRequestToValidateStatusCode is started successfully
2021-03-20T14:53:37.705 | INFO  | listeners.CustomTestListeners : headRequestToValidateStatusCode test case is passed
2021-03-20T14:53:37.720 | INFO  | listeners.CustomTestListeners : secureGetRequestUsingChallengedBasicAuth is started successfully
2021-03-20T14:53:37.908 | INFO  | listeners.CustomTestListeners : secureGetRequestUsingChallengedBasicAuth test case is passed
2021-03-20T14:53:37.908 | INFO  | listeners.CustomTestListeners : getRequestUsingDigestAuth is started successfully
2021-03-20T14:53:39.124 | INFO  | listeners.CustomTestListeners : getRequestUsingDigestAuth test case is passed
2021-03-20T14:53:39.125 | INFO  | listeners.CustomTestListeners : validateJsonSchema is started successfully
2021-03-20T14:53:39.736 | INFO  | listeners.CustomTestListeners : validateJsonSchema test case is passed
2021-03-20T14:53:39.752 | INFO  | listeners.CustomTestListeners : validateXmlXsdSchema is started successfully
2021-03-20T14:53:40.058 | ERROR | listeners.CustomTestListeners : validateXmlXsdSchema test case is failed
2021-03-20T14:55:06.388 | INFO  | tests.BaseTest : Inside @BeforeSuite Annotation to initialie the Extent Report
2021-03-20T14:55:07.438 | INFO  | listeners.CustomTestListeners : getRequestToValidateJsonResponseBody is started successfully
2021-03-20T14:55:10.825 | INFO  | listeners.CustomTestListeners : getRequestToValidateJsonResponseBody test case is passed
2021-03-20T14:55:10.842 | INFO  | listeners.CustomTestListeners : getRequestToValidateJsonResponseHeader is started successfully
2021-03-20T14:55:10.888 | INFO  | listeners.CustomTestListeners : getRequestToValidateJsonResponseHeader test case is passed
2021-03-20T14:55:10.904 | INFO  | listeners.CustomTestListeners : getRequestToValidateResponseBodyUsingJsonPath is started successfully
2021-03-20T14:55:11.120 | INFO  | listeners.CustomTestListeners : getRequestToValidateResponseBodyUsingJsonPath test case is passed
2021-03-20T14:55:11.120 | INFO  | listeners.CustomTestListeners : getRequestToValidateStatusCode is started successfully
2021-03-20T14:55:11.199 | INFO  | listeners.CustomTestListeners : getRequestToValidateStatusCode test case is passed
2021-03-20T14:55:11.199 | INFO  | listeners.CustomTestListeners : getRequestToValidateStatusLine is started successfully
2021-03-20T14:55:11.277 | INFO  | listeners.CustomTestListeners : getRequestToValidateStatusLine test case is passed
2021-03-20T14:55:11.277 | INFO  | listeners.CustomTestListeners : getRequestToValidateXmlResponseBody is started successfully
2021-03-20T14:55:11.810 | INFO  | listeners.CustomTestListeners : getRequestToValidateXmlResponseBody test case is passed
2021-03-20T14:55:11.826 | INFO  | listeners.CustomTestListeners : getRequestToValidateXmlResponseHeader is started successfully
2021-03-20T14:55:11.846 | INFO  | listeners.CustomTestListeners : getRequestToValidateXmlResponseHeader test case is passed
2021-03-20T14:55:11.862 | INFO  | listeners.CustomTestListeners : updateUsingPutRequest is started successfully
2021-03-20T14:55:12.088 | ERROR | listeners.CustomTestListeners : updateUsingPutRequest test case is failed
2021-03-20T14:55:12.093 | INFO  | listeners.CustomTestListeners : deleteRequestWithPathParam is started successfully
2021-03-20T14:55:12.236 | ERROR | listeners.CustomTestListeners : deleteRequestWithPathParam test case is failed
2021-03-20T14:55:12.236 | INFO  | listeners.CustomTestListeners : deleteSpecificRecordUsingDeleteRequest is started successfully
2021-03-20T14:55:12.274 | ERROR | listeners.CustomTestListeners : deleteSpecificRecordUsingDeleteRequest test case is failed
2021-03-20T14:55:12.274 | INFO  | listeners.CustomTestListeners : getParticularJobDetailsUsingQueryParams is started successfully
2021-03-20T14:55:12.321 | INFO  | listeners.CustomTestListeners : getParticularJobDetailsUsingQueryParams test case is passed
2021-03-20T14:55:12.321 | INFO  | listeners.CustomTestListeners : patchRequestWithQueryParam is started successfully
2021-03-20T14:55:12.368 | ERROR | listeners.CustomTestListeners : patchRequestWithQueryParam test case is failed
2021-03-20T14:55:12.368 | INFO  | listeners.CustomTestListeners : headRequestToValidateStatusCode is started successfully
2021-03-20T14:55:12.415 | INFO  | listeners.CustomTestListeners : headRequestToValidateStatusCode test case is passed
2021-03-20T14:55:12.415 | INFO  | listeners.CustomTestListeners : secureGetRequestUsingChallengedBasicAuth is started successfully
2021-03-20T14:55:12.636 | INFO  | listeners.CustomTestListeners : secureGetRequestUsingChallengedBasicAuth test case is passed
2021-03-20T14:55:12.636 | INFO  | listeners.CustomTestListeners : getRequestUsingDigestAuth is started successfully
2021-03-20T14:55:14.648 | INFO  | listeners.CustomTestListeners : getRequestUsingDigestAuth test case is passed
2021-03-20T14:55:14.653 | INFO  | listeners.CustomTestListeners : validateJsonSchema is started successfully
2021-03-20T14:55:15.305 | INFO  | listeners.CustomTestListeners : validateJsonSchema test case is passed
2021-03-20T14:55:15.305 | INFO  | listeners.CustomTestListeners : validateXmlXsdSchema is started successfully
2021-03-20T14:55:15.516 | ERROR | listeners.CustomTestListeners : validateXmlXsdSchema test case is failed
2021-03-20T14:57:38.726 | INFO  | tests.BaseTest : Inside @BeforeSuite Annotation to initialie the Extent Report
2021-03-20T14:57:39.883 | INFO  | listeners.CustomTestListeners : getRequestToValidateJsonResponseBody is started successfully
2021-03-20T14:57:43.204 | INFO  | listeners.CustomTestListeners : getRequestToValidateJsonResponseBody test case is passed
2021-03-20T14:57:43.211 | INFO  | listeners.CustomTestListeners : getRequestToValidateJsonResponseHeader is started successfully
2021-03-20T14:57:43.246 | INFO  | listeners.CustomTestListeners : getRequestToValidateJsonResponseHeader test case is passed
2021-03-20T14:57:43.246 | INFO  | listeners.CustomTestListeners : getRequestToValidateResponseBodyUsingJsonPath is started successfully
2021-03-20T14:57:43.327 | INFO  | listeners.CustomTestListeners : getRequestToValidateResponseBodyUsingJsonPath test case is passed
2021-03-20T14:57:43.333 | INFO  | listeners.CustomTestListeners : getRequestToValidateStatusCode is started successfully
2021-03-20T14:57:43.355 | INFO  | listeners.CustomTestListeners : getRequestToValidateStatusCode test case is passed
2021-03-20T14:57:43.355 | INFO  | listeners.CustomTestListeners : getRequestToValidateStatusLine is started successfully
2021-03-20T14:57:43.417 | INFO  | listeners.CustomTestListeners : getRequestToValidateStatusLine test case is passed
2021-03-20T14:57:43.433 | INFO  | listeners.CustomTestListeners : getRequestToValidateXmlResponseBody is started successfully
2021-03-20T14:57:43.710 | INFO  | listeners.CustomTestListeners : getRequestToValidateXmlResponseBody test case is passed
2021-03-20T14:57:43.710 | INFO  | listeners.CustomTestListeners : getRequestToValidateXmlResponseHeader is started successfully
2021-03-20T14:57:43.741 | INFO  | listeners.CustomTestListeners : getRequestToValidateXmlResponseHeader test case is passed
2021-03-20T14:57:43.741 | INFO  | listeners.CustomTestListeners : updateUsingPutRequest is started successfully
2021-03-20T14:57:44.063 | ERROR | listeners.CustomTestListeners : updateUsingPutRequest test case is failed
2021-03-20T14:57:44.068 | INFO  | listeners.CustomTestListeners : deleteRequestWithPathParam is started successfully
2021-03-20T14:57:44.122 | ERROR | listeners.CustomTestListeners : deleteRequestWithPathParam test case is failed
2021-03-20T14:57:44.122 | INFO  | listeners.CustomTestListeners : deleteSpecificRecordUsingDeleteRequest is started successfully
2021-03-20T14:57:44.153 | ERROR | listeners.CustomTestListeners : deleteSpecificRecordUsingDeleteRequest test case is failed
2021-03-20T14:57:44.169 | INFO  | listeners.CustomTestListeners : getParticularJobDetailsUsingQueryParams is started successfully
2021-03-20T14:57:44.226 | INFO  | listeners.CustomTestListeners : getParticularJobDetailsUsingQueryParams test case is passed
2021-03-20T14:57:44.242 | INFO  | listeners.CustomTestListeners : patchRequestWithQueryParam is started successfully
2021-03-20T14:57:44.289 | ERROR | listeners.CustomTestListeners : patchRequestWithQueryParam test case is failed
2021-03-20T14:57:44.305 | INFO  | listeners.CustomTestListeners : headRequestToValidateStatusCode is started successfully
2021-03-20T14:57:44.320 | INFO  | listeners.CustomTestListeners : headRequestToValidateStatusCode test case is passed
2021-03-20T14:57:44.336 | INFO  | listeners.CustomTestListeners : secureGetRequestUsingChallengedBasicAuth is started successfully
2021-03-20T14:57:44.526 | INFO  | listeners.CustomTestListeners : secureGetRequestUsingChallengedBasicAuth test case is passed
2021-03-20T14:57:44.526 | INFO  | listeners.CustomTestListeners : getRequestUsingDigestAuth is started successfully
2021-03-20T14:57:45.374 | INFO  | listeners.CustomTestListeners : getRequestUsingDigestAuth test case is passed
2021-03-20T14:57:45.374 | INFO  | listeners.CustomTestListeners : validateJsonSchema is started successfully
2021-03-20T14:57:45.942 | INFO  | listeners.CustomTestListeners : validateJsonSchema test case is passed
2021-03-20T14:57:45.958 | INFO  | listeners.CustomTestListeners : validateXmlXsdSchema is started successfully
2021-03-20T14:57:46.083 | ERROR | listeners.CustomTestListeners : validateXmlXsdSchema test case is failed
2021-03-20T14:58:50.573 | INFO  | tests.BaseTest : Inside @BeforeSuite Annotation to initialie the Extent Report
2021-03-20T14:58:51.568 | INFO  | listeners.CustomTestListeners : validateXmlXsdSchema is started successfully
2021-03-20T14:58:53.387 | ERROR | listeners.CustomTestListeners : validateXmlXsdSchema test case is failed
2021-03-20T14:59:32.260 | INFO  | tests.BaseTest : Inside @BeforeSuite Annotation to initialie the Extent Report
2021-03-20T14:59:33.293 | INFO  | listeners.CustomTestListeners : validateXmlXsdSchema is started successfully
2021-03-20T14:59:35.247 | INFO  | listeners.CustomTestListeners : validateXmlXsdSchema test case is passed
2021-03-20T15:00:46.090 | INFO  | tests.BaseTest : Inside @BeforeSuite Annotation to initialie the Extent Report
2021-03-20T15:00:47.075 | INFO  | listeners.CustomTestListeners : validateXmlXsdSchema is started successfully
2021-03-20T15:00:48.875 | ERROR | listeners.CustomTestListeners : validateXmlXsdSchema test case is failed
2021-03-20T15:06:02.984 | INFO  | tests.BaseTest : Inside @BeforeSuite Annotation to initialie the Extent Report
2021-03-20T15:06:03.972 | INFO  | listeners.CustomTestListeners : getRequestToValidateJsonResponseBody is started successfully
2021-03-20T15:06:06.917 | INFO  | listeners.CustomTestListeners : getRequestToValidateJsonResponseBody test case is passed
2021-03-20T15:06:06.935 | INFO  | listeners.CustomTestListeners : getRequestToValidateJsonResponseHeader is started successfully
2021-03-20T15:06:06.982 | INFO  | listeners.CustomTestListeners : getRequestToValidateJsonResponseHeader test case is passed
2021-03-20T15:06:06.982 | INFO  | listeners.CustomTestListeners : getRequestToValidateResponseBodyUsingJsonPath is started successfully
2021-03-20T15:06:07.060 | INFO  | listeners.CustomTestListeners : getRequestToValidateResponseBodyUsingJsonPath test case is passed
2021-03-20T15:06:07.076 | INFO  | listeners.CustomTestListeners : getRequestToValidateStatusCode is started successfully
2021-03-20T15:06:07.122 | INFO  | listeners.CustomTestListeners : getRequestToValidateStatusCode test case is passed
2021-03-20T15:06:07.122 | INFO  | listeners.CustomTestListeners : getRequestToValidateStatusLine is started successfully
2021-03-20T15:06:07.228 | INFO  | listeners.CustomTestListeners : getRequestToValidateStatusLine test case is passed
2021-03-20T15:06:07.228 | INFO  | listeners.CustomTestListeners : getRequestToValidateXmlResponseBody is started successfully
2021-03-20T15:06:07.769 | INFO  | listeners.CustomTestListeners : getRequestToValidateXmlResponseBody test case is passed
2021-03-20T15:06:07.776 | INFO  | listeners.CustomTestListeners : getRequestToValidateXmlResponseHeader is started successfully
2021-03-20T15:06:07.832 | INFO  | listeners.CustomTestListeners : getRequestToValidateXmlResponseHeader test case is passed
2021-03-20T15:06:07.848 | INFO  | listeners.CustomTestListeners : updateUsingPutRequest is started successfully
2021-03-20T15:06:08.082 | ERROR | listeners.CustomTestListeners : updateUsingPutRequest test case is failed
2021-03-20T15:06:08.098 | INFO  | listeners.CustomTestListeners : deleteRequestWithPathParam is started successfully
2021-03-20T15:06:08.235 | ERROR | listeners.CustomTestListeners : deleteRequestWithPathParam test case is failed
2021-03-20T15:06:08.235 | INFO  | listeners.CustomTestListeners : deleteSpecificRecordUsingDeleteRequest is started successfully
2021-03-20T15:06:08.266 | ERROR | listeners.CustomTestListeners : deleteSpecificRecordUsingDeleteRequest test case is failed
2021-03-20T15:06:08.266 | INFO  | listeners.CustomTestListeners : getParticularJobDetailsUsingQueryParams is started successfully
2021-03-20T15:06:08.328 | INFO  | listeners.CustomTestListeners : getParticularJobDetailsUsingQueryParams test case is passed
2021-03-20T15:06:08.328 | INFO  | listeners.CustomTestListeners : patchRequestWithQueryParam is started successfully
2021-03-20T15:06:08.360 | ERROR | listeners.CustomTestListeners : patchRequestWithQueryParam test case is failed
2021-03-20T15:06:08.375 | INFO  | listeners.CustomTestListeners : headRequestToValidateStatusCode is started successfully
2021-03-20T15:06:08.407 | INFO  | listeners.CustomTestListeners : headRequestToValidateStatusCode test case is passed
2021-03-20T15:06:08.407 | INFO  | listeners.CustomTestListeners : secureGetRequestUsingChallengedBasicAuth is started successfully
2021-03-20T15:06:08.594 | INFO  | listeners.CustomTestListeners : secureGetRequestUsingChallengedBasicAuth test case is passed
2021-03-20T15:06:08.610 | INFO  | listeners.CustomTestListeners : getRequestUsingDigestAuth is started successfully
2021-03-20T15:06:10.587 | INFO  | listeners.CustomTestListeners : getRequestUsingDigestAuth test case is passed
2021-03-20T15:06:10.587 | INFO  | listeners.CustomTestListeners : validateJsonSchema is started successfully
2021-03-20T15:06:11.214 | INFO  | listeners.CustomTestListeners : validateJsonSchema test case is passed
2021-03-20T15:06:11.214 | INFO  | listeners.CustomTestListeners : validateXmlXsdSchema is started successfully
2021-03-20T15:06:11.386 | ERROR | listeners.CustomTestListeners : validateXmlXsdSchema test case is failed
2021-03-20T15:08:08.727 | INFO  | tests.BaseTest : Inside @BeforeSuite Annotation to initialie the Extent Report
2021-03-20T15:08:09.762 | INFO  | listeners.CustomTestListeners : getRequestToValidateJsonResponseBody is started successfully
2021-03-20T15:08:12.759 | INFO  | listeners.CustomTestListeners : getRequestToValidateJsonResponseBody test case is passed
2021-03-20T15:08:12.771 | INFO  | listeners.CustomTestListeners : getRequestToValidateJsonResponseHeader is started successfully
2021-03-20T15:08:12.802 | INFO  | listeners.CustomTestListeners : getRequestToValidateJsonResponseHeader test case is passed
2021-03-20T15:08:12.802 | INFO  | listeners.CustomTestListeners : getRequestToValidateResponseBodyUsingJsonPath is started successfully
2021-03-20T15:08:12.880 | INFO  | listeners.CustomTestListeners : getRequestToValidateResponseBodyUsingJsonPath test case is passed
2021-03-20T15:08:12.880 | INFO  | listeners.CustomTestListeners : getRequestToValidateStatusCode is started successfully
2021-03-20T15:08:12.911 | INFO  | listeners.CustomTestListeners : getRequestToValidateStatusCode test case is passed
2021-03-20T15:08:12.911 | INFO  | listeners.CustomTestListeners : getRequestToValidateStatusLine is started successfully
2021-03-20T15:08:12.974 | INFO  | listeners.CustomTestListeners : getRequestToValidateStatusLine test case is passed
2021-03-20T15:08:12.974 | INFO  | listeners.CustomTestListeners : getRequestToValidateXmlResponseBody is started successfully
2021-03-20T15:08:13.239 | INFO  | listeners.CustomTestListeners : getRequestToValidateXmlResponseBody test case is passed
2021-03-20T15:08:13.239 | INFO  | listeners.CustomTestListeners : getRequestToValidateXmlResponseHeader is started successfully
2021-03-20T15:08:13.271 | INFO  | listeners.CustomTestListeners : getRequestToValidateXmlResponseHeader test case is passed
2021-03-20T15:08:13.271 | INFO  | listeners.CustomTestListeners : updateUsingPutRequest is started successfully
2021-03-20T15:08:13.411 | ERROR | listeners.CustomTestListeners : updateUsingPutRequest test case is failed
2021-03-20T15:08:13.427 | INFO  | listeners.CustomTestListeners : deleteRequestWithPathParam is started successfully
2021-03-20T15:08:13.489 | ERROR | listeners.CustomTestListeners : deleteRequestWithPathParam test case is failed
2021-03-20T15:08:13.505 | INFO  | listeners.CustomTestListeners : deleteSpecificRecordUsingDeleteRequest is started successfully
2021-03-20T15:08:13.536 | ERROR | listeners.CustomTestListeners : deleteSpecificRecordUsingDeleteRequest test case is failed
2021-03-20T15:08:13.536 | INFO  | listeners.CustomTestListeners : getParticularJobDetailsUsingQueryParams is started successfully
2021-03-20T15:08:13.583 | INFO  | listeners.CustomTestListeners : getParticularJobDetailsUsingQueryParams test case is passed
2021-03-20T15:08:13.583 | INFO  | listeners.CustomTestListeners : patchRequestWithQueryParam is started successfully
2021-03-20T15:08:13.630 | ERROR | listeners.CustomTestListeners : patchRequestWithQueryParam test case is failed
2021-03-20T15:08:13.630 | INFO  | listeners.CustomTestListeners : headRequestToValidateStatusCode is started successfully
2021-03-20T15:08:13.677 | INFO  | listeners.CustomTestListeners : headRequestToValidateStatusCode test case is passed
2021-03-20T15:08:13.677 | INFO  | listeners.CustomTestListeners : secureGetRequestUsingChallengedBasicAuth is started successfully
2021-03-20T15:08:13.877 | INFO  | listeners.CustomTestListeners : secureGetRequestUsingChallengedBasicAuth test case is passed
2021-03-20T15:08:13.880 | INFO  | listeners.CustomTestListeners : getRequestUsingDigestAuth is started successfully
2021-03-20T15:08:14.811 | INFO  | listeners.CustomTestListeners : getRequestUsingDigestAuth test case is passed
2021-03-20T15:08:14.811 | INFO  | listeners.CustomTestListeners : validateJsonSchema is started successfully
2021-03-20T15:08:15.379 | INFO  | listeners.CustomTestListeners : validateJsonSchema test case is passed
2021-03-20T15:08:15.384 | INFO  | listeners.CustomTestListeners : validateXmlXsdSchema is started successfully
2021-03-20T15:08:15.532 | ERROR | listeners.CustomTestListeners : validateXmlXsdSchema test case is failed
2021-03-20T15:12:31.658 | INFO  | tests.BaseTest : Inside @BeforeSuite Annotation to initialie the Extent Report
2021-03-20T15:12:32.767 | INFO  | listeners.CustomTestListeners : validateXmlXsdSchema is started successfully
2021-03-20T15:12:34.790 | ERROR | listeners.CustomTestListeners : validateXmlXsdSchema test case is failed
