2021-03-14T23:20:55.756 | INFO  | tests.BaseTest : Inside @BeforeSuite Annotation to initialie the Extent Report
2021-03-14T23:20:57.322 | INFO  | listeners.Listeners : getRequestToValidateJsonResponseBody is started successfully
2021-03-14T23:21:01.314 | INFO  | listeners.Listeners : getRequestToValidateJsonResponseBody test case is passed
2021-03-14T23:21:01.319 | INFO  | listeners.Listeners : getRequestToValidateJsonResponseHeader is started successfully
2021-03-14T23:21:01.408 | INFO  | listeners.Listeners : getRequestToValidateJsonResponseHeader test case is passed
2021-03-14T23:21:01.412 | INFO  | listeners.Listeners : getRequestToValidateResponseBodyUsingJsonPath is started successfully
2021-03-14T23:21:01.525 | INFO  | listeners.Listeners : getRequestToValidateResponseBodyUsingJsonPath test case is passed
2021-03-14T23:21:01.532 | INFO  | listeners.Listeners : getRequestToValidateStatusCode is started successfully
2021-03-14T23:21:01.581 | INFO  | listeners.Listeners : getRequestToValidateStatusCode test case is passed
2021-03-14T23:21:01.584 | INFO  | listeners.Listeners : getRequestToValidateStatusLine is started successfully
2021-03-14T23:21:01.769 | INFO  | listeners.Listeners : getRequestToValidateStatusLine test case is passed
2021-03-14T23:21:01.772 | INFO  | listeners.Listeners : getRequestToValidateXmlResponseBody is started successfully
2021-03-14T23:21:02.297 | ERROR | listeners.Listeners : getRequestToValidateXmlResponseBody test case is failed
2021-03-14T23:21:02.309 | INFO  | listeners.Listeners : getRequestToValidateXmlResponseHeader is started successfully
2021-03-14T23:21:02.392 | INFO  | listeners.Listeners : getRequestToValidateXmlResponseHeader test case is passed
2021-03-14T23:21:02.405 | INFO  | listeners.Listeners : updateUsingPutRequest is started successfully
2021-03-14T23:21:02.770 | ERROR | listeners.Listeners : updateUsingPutRequest test case is failed
2021-03-14T23:21:02.785 | INFO  | listeners.Listeners : deleteRequestWithPathParam is started successfully
2021-03-14T23:21:02.919 | ERROR | listeners.Listeners : deleteRequestWithPathParam test case is failed
2021-03-14T23:21:02.921 | INFO  | listeners.Listeners : deleteSpecificRecordUsingDeleteRequest is started successfully
2021-03-14T23:21:02.959 | ERROR | listeners.Listeners : deleteSpecificRecordUsingDeleteRequest test case is failed
2021-03-14T23:21:02.968 | INFO  | listeners.Listeners : getParticularJobDetailsUsingQueryParams is started successfully
2021-03-14T23:21:03.089 | INFO  | listeners.Listeners : getParticularJobDetailsUsingQueryParams test case is passed
2021-03-14T23:21:03.102 | INFO  | listeners.Listeners : patchRequestWithQueryParam is started successfully
2021-03-14T23:21:03.180 | INFO  | listeners.Listeners : patchRequestWithQueryParam test case is passed
2021-03-14T23:21:03.184 | INFO  | listeners.Listeners : headRequestToValidateStatusCode is started successfully
2021-03-14T23:21:03.222 | INFO  | listeners.Listeners : headRequestToValidateStatusCode test case is passed
2021-03-14T23:21:03.232 | INFO  | listeners.Listeners : secureGetRequestUsingChallengedBasicAuth is started successfully
2021-03-14T23:21:03.549 | INFO  | listeners.Listeners : secureGetRequestUsingChallengedBasicAuth test case is passed
