2021-03-13T22:59:22.590 | INFO  | tests.BaseTest : Inside @BeforeSuite Annotation to initialie the Extent Report
2021-03-13T22:59:23.702 | INFO  | listeners.Listeners : testGetRequestToValidateJsonResponseBody is started successfully
2021-03-13T22:59:27.790 | INFO  | listeners.Listeners : testGetRequestToValidateJsonResponseBody test case is passed
2021-03-13T22:59:27.798 | INFO  | listeners.Listeners : testGetRequestToValidateJsonResponseHeader is started successfully
2021-03-13T22:59:27.849 | INFO  | listeners.Listeners : testGetRequestToValidateJsonResponseHeader test case is passed
2021-03-13T22:59:27.853 | INFO  | listeners.Listeners : testGetRequestToValidateResponseBodyUsingJsonPath is started successfully
2021-03-13T22:59:27.938 | INFO  | listeners.Listeners : testGetRequestToValidateResponseBodyUsingJsonPath test case is passed
2021-03-13T22:59:27.943 | INFO  | listeners.Listeners : testGetRequestToValidateStatusCode is started successfully
2021-03-13T22:59:27.982 | INFO  | listeners.Listeners : testGetRequestToValidateStatusCode test case is passed
2021-03-13T22:59:27.985 | INFO  | listeners.Listeners : testGetRequestToValidateStatusLine is started successfully
2021-03-13T22:59:28.202 | INFO  | listeners.Listeners : testGetRequestToValidateStatusLine test case is passed
2021-03-13T22:59:28.204 | INFO  | listeners.Listeners : testGetRequestToValidateXmlResponseBody is started successfully
2021-03-13T22:59:28.550 | INFO  | listeners.Listeners : testGetRequestToValidateXmlResponseBody test case is passed
2021-03-13T22:59:28.550 | INFO  | listeners.Listeners : testGetRequestToValidateXmlResponseHeader is started successfully
2021-03-13T22:59:28.597 | INFO  | listeners.Listeners : testGetRequestToValidateXmlResponseHeader test case is passed
2021-03-13T22:59:28.613 | INFO  | listeners.Listeners : testUpdateUsingPutRequest is started successfully
2021-03-13T22:59:29.010 | ERROR | listeners.Listeners : testUpdateUsingPutRequest test case is failed
2021-03-13T22:59:29.019 | INFO  | listeners.Listeners : deleteSpecificRecordUsingDeleteRequest is started successfully
2021-03-13T22:59:29.114 | ERROR | listeners.Listeners : deleteSpecificRecordUsingDeleteRequest test case is failed
2021-03-13T22:59:29.129 | INFO  | listeners.Listeners : getParticularJobDetailsUsingQueryParams is started successfully
2021-03-13T22:59:29.592 | ERROR | listeners.Listeners : getParticularJobDetailsUsingQueryParams test case is failed
2021-03-13T23:01:25.825 | INFO  | tests.BaseTest : Inside @BeforeSuite Annotation to initialie the Extent Report
2021-03-13T23:01:26.827 | INFO  | listeners.Listeners : testGetRequestToValidateJsonResponseBody is started successfully
2021-03-13T23:01:29.753 | INFO  | listeners.Listeners : testGetRequestToValidateJsonResponseBody test case is passed
2021-03-13T23:01:29.767 | INFO  | listeners.Listeners : testGetRequestToValidateJsonResponseHeader is started successfully
2021-03-13T23:01:29.801 | INFO  | listeners.Listeners : testGetRequestToValidateJsonResponseHeader test case is passed
2021-03-13T23:01:29.816 | INFO  | listeners.Listeners : testGetRequestToValidateResponseBodyUsingJsonPath is started successfully
2021-03-13T23:01:29.894 | INFO  | listeners.Listeners : testGetRequestToValidateResponseBodyUsingJsonPath test case is passed
2021-03-13T23:01:29.894 | INFO  | listeners.Listeners : testGetRequestToValidateStatusCode is started successfully
2021-03-13T23:01:29.926 | INFO  | listeners.Listeners : testGetRequestToValidateStatusCode test case is passed
2021-03-13T23:01:29.926 | INFO  | listeners.Listeners : testGetRequestToValidateStatusLine is started successfully
2021-03-13T23:01:29.985 | INFO  | listeners.Listeners : testGetRequestToValidateStatusLine test case is passed
2021-03-13T23:01:29.987 | INFO  | listeners.Listeners : testGetRequestToValidateXmlResponseBody is started successfully
2021-03-13T23:01:30.249 | INFO  | listeners.Listeners : testGetRequestToValidateXmlResponseBody test case is passed
2021-03-13T23:01:30.251 | INFO  | listeners.Listeners : testGetRequestToValidateXmlResponseHeader is started successfully
2021-03-13T23:01:30.297 | INFO  | listeners.Listeners : testGetRequestToValidateXmlResponseHeader test case is passed
2021-03-13T23:01:30.302 | INFO  | listeners.Listeners : testUpdateUsingPutRequest is started successfully
2021-03-13T23:01:30.478 | ERROR | listeners.Listeners : testUpdateUsingPutRequest test case is failed
2021-03-13T23:01:30.484 | INFO  | listeners.Listeners : deleteSpecificRecordUsingDeleteRequest is started successfully
2021-03-13T23:01:30.536 | ERROR | listeners.Listeners : deleteSpecificRecordUsingDeleteRequest test case is failed
2021-03-13T23:01:30.541 | INFO  | listeners.Listeners : getParticularJobDetailsUsingQueryParams is started successfully
2021-03-13T23:01:30.590 | ERROR | listeners.Listeners : getParticularJobDetailsUsingQueryParams test case is failed
2021-03-13T23:04:38.629 | INFO  | tests.BaseTest : Inside @BeforeSuite Annotation to initialie the Extent Report
2021-03-13T23:04:39.625 | INFO  | listeners.Listeners : testGetRequestToValidateJsonResponseBody is started successfully
2021-03-13T23:04:42.626 | INFO  | listeners.Listeners : testGetRequestToValidateJsonResponseBody test case is passed
2021-03-13T23:04:42.634 | INFO  | listeners.Listeners : testGetRequestToValidateJsonResponseHeader is started successfully
2021-03-13T23:04:42.675 | INFO  | listeners.Listeners : testGetRequestToValidateJsonResponseHeader test case is passed
2021-03-13T23:04:42.679 | INFO  | listeners.Listeners : testGetRequestToValidateResponseBodyUsingJsonPath is started successfully
2021-03-13T23:04:42.751 | INFO  | listeners.Listeners : testGetRequestToValidateResponseBodyUsingJsonPath test case is passed
2021-03-13T23:04:42.754 | INFO  | listeners.Listeners : testGetRequestToValidateStatusCode is started successfully
2021-03-13T23:04:42.785 | INFO  | listeners.Listeners : testGetRequestToValidateStatusCode test case is passed
2021-03-13T23:04:42.788 | INFO  | listeners.Listeners : testGetRequestToValidateStatusLine is started successfully
2021-03-13T23:04:42.883 | INFO  | listeners.Listeners : testGetRequestToValidateStatusLine test case is passed
2021-03-13T23:04:42.885 | INFO  | listeners.Listeners : testGetRequestToValidateXmlResponseBody is started successfully
2021-03-13T23:04:43.150 | INFO  | listeners.Listeners : testGetRequestToValidateXmlResponseBody test case is passed
2021-03-13T23:04:43.150 | INFO  | listeners.Listeners : testGetRequestToValidateXmlResponseHeader is started successfully
2021-03-13T23:04:43.182 | INFO  | listeners.Listeners : testGetRequestToValidateXmlResponseHeader test case is passed
2021-03-13T23:04:43.182 | INFO  | listeners.Listeners : testUpdateUsingPutRequest is started successfully
2021-03-13T23:04:43.354 | ERROR | listeners.Listeners : testUpdateUsingPutRequest test case is failed
2021-03-13T23:04:43.369 | INFO  | listeners.Listeners : deleteSpecificRecordUsingDeleteRequest is started successfully
2021-03-13T23:04:43.411 | ERROR | listeners.Listeners : deleteSpecificRecordUsingDeleteRequest test case is failed
2021-03-13T23:04:43.411 | INFO  | listeners.Listeners : getParticularJobDetailsUsingQueryParams is started successfully
2021-03-13T23:04:43.474 | INFO  | listeners.Listeners : getParticularJobDetailsUsingQueryParams test case is passed
2021-03-13T23:10:18.889 | INFO  | tests.BaseTest : Inside @BeforeSuite Annotation to initialie the Extent Report
2021-03-13T23:10:19.887 | INFO  | listeners.Listeners : testGetRequestToValidateJsonResponseBody is started successfully
2021-03-13T23:10:22.810 | INFO  | listeners.Listeners : testGetRequestToValidateJsonResponseBody test case is passed
2021-03-13T23:10:22.821 | INFO  | listeners.Listeners : testGetRequestToValidateJsonResponseHeader is started successfully
2021-03-13T23:10:22.851 | INFO  | listeners.Listeners : testGetRequestToValidateJsonResponseHeader test case is passed
2021-03-13T23:10:22.851 | INFO  | listeners.Listeners : testGetRequestToValidateResponseBodyUsingJsonPath is started successfully
2021-03-13T23:10:22.913 | INFO  | listeners.Listeners : testGetRequestToValidateResponseBodyUsingJsonPath test case is passed
2021-03-13T23:10:22.929 | INFO  | listeners.Listeners : testGetRequestToValidateStatusCode is started successfully
2021-03-13T23:10:22.992 | INFO  | listeners.Listeners : testGetRequestToValidateStatusCode test case is passed
2021-03-13T23:10:22.994 | INFO  | listeners.Listeners : testGetRequestToValidateStatusLine is started successfully
2021-03-13T23:10:23.079 | INFO  | listeners.Listeners : testGetRequestToValidateStatusLine test case is passed
2021-03-13T23:10:23.081 | INFO  | listeners.Listeners : testGetRequestToValidateXmlResponseBody is started successfully
2021-03-13T23:10:23.354 | INFO  | listeners.Listeners : testGetRequestToValidateXmlResponseBody test case is passed
2021-03-13T23:10:23.357 | INFO  | listeners.Listeners : testGetRequestToValidateXmlResponseHeader is started successfully
2021-03-13T23:10:23.381 | INFO  | listeners.Listeners : testGetRequestToValidateXmlResponseHeader test case is passed
2021-03-13T23:10:23.385 | INFO  | listeners.Listeners : testPostRequestUsingJsonBody is started successfully
2021-03-13T23:10:24.034 | INFO  | listeners.Listeners : testPostRequestUsingJsonBody test case is passed
2021-03-13T23:10:24.041 | INFO  | listeners.Listeners : testUpdateUsingPutRequest is started successfully
2021-03-13T23:10:24.099 | INFO  | listeners.Listeners : testUpdateUsingPutRequest test case is passed
2021-03-13T23:10:24.102 | INFO  | listeners.Listeners : deleteSpecificRecordUsingDeleteRequest is started successfully
2021-03-13T23:10:24.139 | ERROR | listeners.Listeners : deleteSpecificRecordUsingDeleteRequest test case is failed
2021-03-13T23:10:24.143 | INFO  | listeners.Listeners : getParticularJobDetailsUsingQueryParams is started successfully
2021-03-13T23:10:24.198 | INFO  | listeners.Listeners : getParticularJobDetailsUsingQueryParams test case is passed
2021-03-13T23:11:07.670 | INFO  | tests.BaseTest : Inside @BeforeSuite Annotation to initialie the Extent Report
2021-03-13T23:11:08.702 | INFO  | listeners.Listeners : testGetRequestToValidateJsonResponseBody is started successfully
2021-03-13T23:11:11.760 | INFO  | listeners.Listeners : testGetRequestToValidateJsonResponseBody test case is passed
2021-03-13T23:11:11.774 | INFO  | listeners.Listeners : testGetRequestToValidateJsonResponseHeader is started successfully
2021-03-13T23:11:11.823 | INFO  | listeners.Listeners : testGetRequestToValidateJsonResponseHeader test case is passed
2021-03-13T23:11:11.838 | INFO  | listeners.Listeners : testGetRequestToValidateResponseBodyUsingJsonPath is started successfully
2021-03-13T23:11:11.901 | INFO  | listeners.Listeners : testGetRequestToValidateResponseBodyUsingJsonPath test case is passed
2021-03-13T23:11:11.917 | INFO  | listeners.Listeners : testGetRequestToValidateStatusCode is started successfully
2021-03-13T23:11:11.963 | INFO  | listeners.Listeners : testGetRequestToValidateStatusCode test case is passed
2021-03-13T23:11:11.963 | INFO  | listeners.Listeners : testGetRequestToValidateStatusLine is started successfully
2021-03-13T23:11:12.037 | INFO  | listeners.Listeners : testGetRequestToValidateStatusLine test case is passed
2021-03-13T23:11:12.041 | INFO  | listeners.Listeners : testGetRequestToValidateXmlResponseBody is started successfully
2021-03-13T23:11:12.436 | ERROR | listeners.Listeners : testGetRequestToValidateXmlResponseBody test case is failed
2021-03-13T23:11:12.442 | INFO  | listeners.Listeners : testGetRequestToValidateXmlResponseHeader is started successfully
2021-03-13T23:11:12.467 | INFO  | listeners.Listeners : testGetRequestToValidateXmlResponseHeader test case is passed
2021-03-13T23:11:12.472 | INFO  | listeners.Listeners : testPostRequestUsingJsonBody is started successfully
2021-03-13T23:11:12.655 | INFO  | listeners.Listeners : testPostRequestUsingJsonBody test case is passed
2021-03-13T23:11:12.661 | INFO  | listeners.Listeners : testUpdateUsingPutRequest is started successfully
2021-03-13T23:11:12.693 | INFO  | listeners.Listeners : testUpdateUsingPutRequest test case is passed
2021-03-13T23:11:12.696 | INFO  | listeners.Listeners : deleteSpecificRecordUsingDeleteRequest is started successfully
2021-03-13T23:11:12.754 | ERROR | listeners.Listeners : deleteSpecificRecordUsingDeleteRequest test case is failed
2021-03-13T23:11:12.759 | INFO  | listeners.Listeners : getParticularJobDetailsUsingQueryParams is started successfully
2021-03-13T23:11:12.839 | INFO  | listeners.Listeners : getParticularJobDetailsUsingQueryParams test case is passed
2021-03-13T23:12:38.622 | INFO  | tests.BaseTest : Inside @BeforeSuite Annotation to initialie the Extent Report
2021-03-13T23:12:39.596 | INFO  | listeners.Listeners : testGetRequestToValidateJsonResponseBody is started successfully
2021-03-13T23:12:42.529 | INFO  | listeners.Listeners : testGetRequestToValidateJsonResponseBody test case is passed
2021-03-13T23:12:42.551 | INFO  | listeners.Listeners : testGetRequestToValidateJsonResponseHeader is started successfully
2021-03-13T23:12:42.598 | INFO  | listeners.Listeners : testGetRequestToValidateJsonResponseHeader test case is passed
2021-03-13T23:12:42.598 | INFO  | listeners.Listeners : testGetRequestToValidateResponseBodyUsingJsonPath is started successfully
2021-03-13T23:12:42.708 | INFO  | listeners.Listeners : testGetRequestToValidateResponseBodyUsingJsonPath test case is passed
2021-03-13T23:12:42.708 | INFO  | listeners.Listeners : testGetRequestToValidateStatusCode is started successfully
2021-03-13T23:12:42.739 | INFO  | listeners.Listeners : testGetRequestToValidateStatusCode test case is passed
2021-03-13T23:12:42.739 | INFO  | listeners.Listeners : testGetRequestToValidateStatusLine is started successfully
2021-03-13T23:12:42.786 | INFO  | listeners.Listeners : testGetRequestToValidateStatusLine test case is passed
2021-03-13T23:12:42.786 | INFO  | listeners.Listeners : testGetRequestToValidateXmlResponseBody is started successfully
2021-03-13T23:12:43.080 | ERROR | listeners.Listeners : testGetRequestToValidateXmlResponseBody test case is failed
2021-03-13T23:12:43.089 | INFO  | listeners.Listeners : testGetRequestToValidateXmlResponseHeader is started successfully
2021-03-13T23:12:43.161 | INFO  | listeners.Listeners : testGetRequestToValidateXmlResponseHeader test case is passed
2021-03-13T23:12:43.167 | INFO  | listeners.Listeners : testPostRequestUsingJsonBody is started successfully
2021-03-13T23:12:43.333 | INFO  | listeners.Listeners : testPostRequestUsingJsonBody test case is passed
2021-03-13T23:12:43.348 | INFO  | listeners.Listeners : testUpdateUsingPutRequest is started successfully
2021-03-13T23:12:43.380 | INFO  | listeners.Listeners : testUpdateUsingPutRequest test case is passed
2021-03-13T23:12:43.395 | INFO  | listeners.Listeners : deleteSpecificRecordUsingDeleteRequest is started successfully
2021-03-13T23:12:43.442 | ERROR | listeners.Listeners : deleteSpecificRecordUsingDeleteRequest test case is failed
2021-03-13T23:12:43.458 | INFO  | listeners.Listeners : getParticularJobDetailsUsingQueryParams is started successfully
2021-03-13T23:12:43.507 | INFO  | listeners.Listeners : getParticularJobDetailsUsingQueryParams test case is passed
2021-03-13T23:16:28.934 | INFO  | tests.BaseTest : Inside @BeforeSuite Annotation to initialie the Extent Report
2021-03-13T23:16:29.914 | INFO  | listeners.Listeners : testGetRequestToValidateJsonResponseBody is started successfully
2021-03-13T23:16:32.923 | INFO  | listeners.Listeners : testGetRequestToValidateJsonResponseBody test case is passed
2021-03-13T23:16:32.929 | INFO  | listeners.Listeners : testGetRequestToValidateJsonResponseHeader is started successfully
2021-03-13T23:16:32.988 | INFO  | listeners.Listeners : testGetRequestToValidateJsonResponseHeader test case is passed
2021-03-13T23:16:32.990 | INFO  | listeners.Listeners : testGetRequestToValidateResponseBodyUsingJsonPath is started successfully
2021-03-13T23:16:33.086 | INFO  | listeners.Listeners : testGetRequestToValidateResponseBodyUsingJsonPath test case is passed
2021-03-13T23:16:33.090 | INFO  | listeners.Listeners : testGetRequestToValidateStatusCode is started successfully
2021-03-13T23:16:33.130 | INFO  | listeners.Listeners : testGetRequestToValidateStatusCode test case is passed
2021-03-13T23:16:33.132 | INFO  | listeners.Listeners : testGetRequestToValidateStatusLine is started successfully
2021-03-13T23:16:33.193 | INFO  | listeners.Listeners : testGetRequestToValidateStatusLine test case is passed
2021-03-13T23:16:33.194 | INFO  | listeners.Listeners : testGetRequestToValidateXmlResponseBody is started successfully
2021-03-13T23:16:33.669 | ERROR | listeners.Listeners : testGetRequestToValidateXmlResponseBody test case is failed
2021-03-13T23:16:33.677 | INFO  | listeners.Listeners : testGetRequestToValidateXmlResponseHeader is started successfully
2021-03-13T23:16:33.749 | INFO  | listeners.Listeners : testGetRequestToValidateXmlResponseHeader test case is passed
2021-03-13T23:16:33.756 | INFO  | listeners.Listeners : testPostRequestUsingJsonBody is started successfully
2021-03-13T23:16:34.039 | INFO  | listeners.Listeners : testPostRequestUsingJsonBody test case is passed
2021-03-13T23:16:34.042 | INFO  | listeners.Listeners : testUpdateUsingPutRequest is started successfully
2021-03-13T23:16:34.093 | INFO  | listeners.Listeners : testUpdateUsingPutRequest test case is passed
2021-03-13T23:16:34.097 | INFO  | listeners.Listeners : deleteSpecificRecordUsingDeleteRequest is started successfully
2021-03-13T23:16:34.160 | INFO  | listeners.Listeners : deleteSpecificRecordUsingDeleteRequest test case is passed
2021-03-13T23:16:34.163 | INFO  | listeners.Listeners : getParticularJobDetailsUsingQueryParams is started successfully
2021-03-13T23:16:34.227 | INFO  | listeners.Listeners : getParticularJobDetailsUsingQueryParams test case is passed
2021-03-13T23:20:23.385 | INFO  | tests.BaseTest : Inside @BeforeSuite Annotation to initialie the Extent Report
2021-03-13T23:20:24.385 | INFO  | listeners.Listeners : testGetRequestToValidateJsonResponseBody is started successfully
2021-03-13T23:20:27.583 | INFO  | listeners.Listeners : testGetRequestToValidateJsonResponseBody test case is passed
2021-03-13T23:20:27.601 | INFO  | listeners.Listeners : testGetRequestToValidateJsonResponseHeader is started successfully
2021-03-13T23:20:27.648 | INFO  | listeners.Listeners : testGetRequestToValidateJsonResponseHeader test case is passed
2021-03-13T23:20:27.648 | INFO  | listeners.Listeners : testGetRequestToValidateResponseBodyUsingJsonPath is started successfully
2021-03-13T23:20:27.726 | INFO  | listeners.Listeners : testGetRequestToValidateResponseBodyUsingJsonPath test case is passed
2021-03-13T23:20:27.742 | INFO  | listeners.Listeners : testGetRequestToValidateStatusCode is started successfully
2021-03-13T23:20:27.773 | INFO  | listeners.Listeners : testGetRequestToValidateStatusCode test case is passed
2021-03-13T23:20:27.773 | INFO  | listeners.Listeners : testGetRequestToValidateStatusLine is started successfully
2021-03-13T23:20:27.836 | INFO  | listeners.Listeners : testGetRequestToValidateStatusLine test case is passed
2021-03-13T23:20:27.836 | INFO  | listeners.Listeners : testGetRequestToValidateXmlResponseBody is started successfully
2021-03-13T23:20:28.201 | ERROR | listeners.Listeners : testGetRequestToValidateXmlResponseBody test case is failed
2021-03-13T23:20:28.209 | INFO  | listeners.Listeners : testGetRequestToValidateXmlResponseHeader is started successfully
2021-03-13T23:20:28.307 | INFO  | listeners.Listeners : testGetRequestToValidateXmlResponseHeader test case is passed
2021-03-13T23:20:28.313 | INFO  | listeners.Listeners : testPostRequestUsingJsonBody is started successfully
2021-03-13T23:20:28.478 | INFO  | listeners.Listeners : testPostRequestUsingJsonBody test case is passed
2021-03-13T23:20:28.481 | INFO  | listeners.Listeners : testUpdateUsingPutRequest is started successfully
2021-03-13T23:20:28.519 | INFO  | listeners.Listeners : testUpdateUsingPutRequest test case is passed
2021-03-13T23:20:28.522 | INFO  | listeners.Listeners : deleteSpecificRecordUsingDeleteRequest is started successfully
2021-03-13T23:20:28.566 | ERROR | listeners.Listeners : deleteSpecificRecordUsingDeleteRequest test case is failed
2021-03-13T23:20:28.575 | INFO  | listeners.Listeners : getParticularJobDetailsUsingQueryParams is started successfully
2021-03-13T23:20:28.632 | INFO  | listeners.Listeners : getParticularJobDetailsUsingQueryParams test case is passed
2021-03-13T23:21:18.859 | INFO  | tests.BaseTest : Inside @BeforeSuite Annotation to initialie the Extent Report
2021-03-13T23:21:19.848 | INFO  | listeners.Listeners : testGetRequestToValidateJsonResponseBody is started successfully
2021-03-13T23:21:22.701 | INFO  | listeners.Listeners : testGetRequestToValidateJsonResponseBody test case is passed
2021-03-13T23:21:22.710 | INFO  | listeners.Listeners : testGetRequestToValidateJsonResponseHeader is started successfully
2021-03-13T23:21:22.766 | INFO  | listeners.Listeners : testGetRequestToValidateJsonResponseHeader test case is passed
2021-03-13T23:21:22.772 | INFO  | listeners.Listeners : testGetRequestToValidateResponseBodyUsingJsonPath is started successfully
2021-03-13T23:21:22.843 | INFO  | listeners.Listeners : testGetRequestToValidateResponseBodyUsingJsonPath test case is passed
2021-03-13T23:21:22.847 | INFO  | listeners.Listeners : testGetRequestToValidateStatusCode is started successfully
2021-03-13T23:21:22.875 | INFO  | listeners.Listeners : testGetRequestToValidateStatusCode test case is passed
2021-03-13T23:21:22.883 | INFO  | listeners.Listeners : testGetRequestToValidateStatusLine is started successfully
2021-03-13T23:21:22.932 | INFO  | listeners.Listeners : testGetRequestToValidateStatusLine test case is passed
2021-03-13T23:21:22.934 | INFO  | listeners.Listeners : testGetRequestToValidateXmlResponseBody is started successfully
2021-03-13T23:21:23.251 | ERROR | listeners.Listeners : testGetRequestToValidateXmlResponseBody test case is failed
2021-03-13T23:21:23.257 | INFO  | listeners.Listeners : testGetRequestToValidateXmlResponseHeader is started successfully
2021-03-13T23:21:23.285 | INFO  | listeners.Listeners : testGetRequestToValidateXmlResponseHeader test case is passed
2021-03-13T23:21:23.289 | INFO  | listeners.Listeners : testUpdateUsingPutRequest is started successfully
2021-03-13T23:21:23.452 | INFO  | listeners.Listeners : testUpdateUsingPutRequest test case is passed
2021-03-13T23:21:23.461 | INFO  | listeners.Listeners : deleteSpecificRecordUsingDeleteRequest is started successfully
2021-03-13T23:21:23.505 | ERROR | listeners.Listeners : deleteSpecificRecordUsingDeleteRequest test case is failed
2021-03-13T23:21:23.510 | INFO  | listeners.Listeners : getParticularJobDetailsUsingQueryParams is started successfully
2021-03-13T23:21:23.560 | INFO  | listeners.Listeners : getParticularJobDetailsUsingQueryParams test case is passed
2021-03-13T23:24:59.392 | INFO  | tests.BaseTest : Inside @BeforeSuite Annotation to initialie the Extent Report
2021-03-13T23:25:00.410 | INFO  | listeners.Listeners : testGetRequestToValidateJsonResponseBody is started successfully
2021-03-13T23:25:03.294 | INFO  | listeners.Listeners : testGetRequestToValidateJsonResponseBody test case is passed
2021-03-13T23:25:03.311 | INFO  | listeners.Listeners : testGetRequestToValidateJsonResponseHeader is started successfully
2021-03-13T23:25:03.357 | INFO  | listeners.Listeners : testGetRequestToValidateJsonResponseHeader test case is passed
2021-03-13T23:25:03.357 | INFO  | listeners.Listeners : testGetRequestToValidateResponseBodyUsingJsonPath is started successfully
2021-03-13T23:25:03.435 | INFO  | listeners.Listeners : testGetRequestToValidateResponseBodyUsingJsonPath test case is passed
2021-03-13T23:25:03.435 | INFO  | listeners.Listeners : testGetRequestToValidateStatusCode is started successfully
2021-03-13T23:25:03.467 | INFO  | listeners.Listeners : testGetRequestToValidateStatusCode test case is passed
2021-03-13T23:25:03.482 | INFO  | listeners.Listeners : testGetRequestToValidateStatusLine is started successfully
2021-03-13T23:25:03.560 | INFO  | listeners.Listeners : testGetRequestToValidateStatusLine test case is passed
2021-03-13T23:25:03.560 | INFO  | listeners.Listeners : testGetRequestToValidateXmlResponseBody is started successfully
2021-03-13T23:25:03.842 | ERROR | listeners.Listeners : testGetRequestToValidateXmlResponseBody test case is failed
2021-03-13T23:25:03.851 | INFO  | listeners.Listeners : testGetRequestToValidateXmlResponseHeader is started successfully
2021-03-13T23:25:03.864 | INFO  | listeners.Listeners : testGetRequestToValidateXmlResponseHeader test case is passed
2021-03-13T23:25:03.880 | INFO  | listeners.Listeners : testUpdateUsingPutRequest is started successfully
2021-03-13T23:25:04.049 | INFO  | listeners.Listeners : testUpdateUsingPutRequest test case is passed
2021-03-13T23:25:04.054 | INFO  | listeners.Listeners : deleteRequestWithPathParam is started successfully
2021-03-13T23:25:04.142 | INFO  | listeners.Listeners : deleteRequestWithPathParam test case is passed
2021-03-13T23:25:04.142 | INFO  | listeners.Listeners : deleteSpecificRecordUsingDeleteRequest is started successfully
2021-03-13T23:25:04.168 | ERROR | listeners.Listeners : deleteSpecificRecordUsingDeleteRequest test case is failed
2021-03-13T23:25:04.168 | INFO  | listeners.Listeners : getParticularJobDetailsUsingQueryParams is started successfully
2021-03-13T23:25:04.218 | INFO  | listeners.Listeners : getParticularJobDetailsUsingQueryParams test case is passed
2021-03-13T23:28:05.374 | INFO  | tests.BaseTest : Inside @BeforeSuite Annotation to initialie the Extent Report
2021-03-13T23:28:06.532 | INFO  | listeners.Listeners : testGetRequestToValidateJsonResponseBody is started successfully
2021-03-13T23:28:09.615 | INFO  | listeners.Listeners : testGetRequestToValidateJsonResponseBody test case is passed
2021-03-13T23:28:09.623 | INFO  | listeners.Listeners : testGetRequestToValidateJsonResponseHeader is started successfully
2021-03-13T23:28:09.667 | INFO  | listeners.Listeners : testGetRequestToValidateJsonResponseHeader test case is passed
2021-03-13T23:28:09.672 | INFO  | listeners.Listeners : testGetRequestToValidateResponseBodyUsingJsonPath is started successfully
2021-03-13T23:28:09.743 | INFO  | listeners.Listeners : testGetRequestToValidateResponseBodyUsingJsonPath test case is passed
2021-03-13T23:28:09.746 | INFO  | listeners.Listeners : testGetRequestToValidateStatusCode is started successfully
2021-03-13T23:28:09.811 | INFO  | listeners.Listeners : testGetRequestToValidateStatusCode test case is passed
2021-03-13T23:28:09.813 | INFO  | listeners.Listeners : testGetRequestToValidateStatusLine is started successfully
2021-03-13T23:28:09.872 | INFO  | listeners.Listeners : testGetRequestToValidateStatusLine test case is passed
2021-03-13T23:28:09.874 | INFO  | listeners.Listeners : testGetRequestToValidateXmlResponseBody is started successfully
2021-03-13T23:28:10.326 | INFO  | listeners.Listeners : testGetRequestToValidateXmlResponseBody test case is passed
2021-03-13T23:28:10.326 | INFO  | listeners.Listeners : testGetRequestToValidateXmlResponseHeader is started successfully
2021-03-13T23:28:10.373 | INFO  | listeners.Listeners : testGetRequestToValidateXmlResponseHeader test case is passed
2021-03-13T23:28:10.373 | INFO  | listeners.Listeners : testUpdateUsingPutRequest is started successfully
2021-03-13T23:28:10.656 | INFO  | listeners.Listeners : testUpdateUsingPutRequest is started successfully
2021-03-13T23:28:10.687 | ERROR | listeners.Listeners : testUpdateUsingPutRequest test case is failed
2021-03-13T23:28:10.703 | INFO  | listeners.Listeners : deleteRequestWithPathParam is started successfully
2021-03-13T23:28:10.765 | INFO  | listeners.Listeners : deleteRequestWithPathParam is started successfully
2021-03-13T23:28:10.803 | ERROR | listeners.Listeners : deleteRequestWithPathParam test case is failed
2021-03-13T23:28:10.803 | INFO  | listeners.Listeners : deleteSpecificRecordUsingDeleteRequest is started successfully
2021-03-13T23:28:10.850 | INFO  | listeners.Listeners : deleteSpecificRecordUsingDeleteRequest is started successfully
2021-03-13T23:28:10.881 | ERROR | listeners.Listeners : deleteSpecificRecordUsingDeleteRequest test case is failed
2021-03-13T23:28:10.897 | INFO  | listeners.Listeners : getParticularJobDetailsUsingQueryParams is started successfully
2021-03-13T23:28:10.944 | INFO  | listeners.Listeners : getParticularJobDetailsUsingQueryParams test case is passed
2021-03-13T23:57:10.570 | INFO  | tests.BaseTest : Inside @BeforeSuite Annotation to initialie the Extent Report
2021-03-13T23:57:11.882 | INFO  | listeners.Listeners : testGetRequestToValidateJsonResponseBody is started successfully
2021-03-13T23:57:15.990 | INFO  | listeners.Listeners : testGetRequestToValidateJsonResponseBody test case is passed
2021-03-13T23:57:16.002 | INFO  | listeners.Listeners : testGetRequestToValidateJsonResponseHeader is started successfully
2021-03-13T23:57:16.055 | INFO  | listeners.Listeners : testGetRequestToValidateJsonResponseHeader test case is passed
2021-03-13T23:57:16.055 | INFO  | listeners.Listeners : testGetRequestToValidateResponseBodyUsingJsonPath is started successfully
2021-03-13T23:57:16.181 | INFO  | listeners.Listeners : testGetRequestToValidateResponseBodyUsingJsonPath test case is passed
2021-03-13T23:57:16.189 | INFO  | listeners.Listeners : testGetRequestToValidateStatusCode is started successfully
2021-03-13T23:57:16.285 | INFO  | listeners.Listeners : testGetRequestToValidateStatusCode test case is passed
2021-03-13T23:57:16.301 | INFO  | listeners.Listeners : testGetRequestToValidateStatusLine is started successfully
2021-03-13T23:57:16.408 | INFO  | listeners.Listeners : testGetRequestToValidateStatusLine test case is passed
2021-03-13T23:57:16.416 | INFO  | listeners.Listeners : testGetRequestToValidateXmlResponseBody is started successfully
2021-03-13T23:57:16.835 | ERROR | listeners.Listeners : testGetRequestToValidateXmlResponseBody test case is failed
2021-03-13T23:57:16.837 | INFO  | listeners.Listeners : testGetRequestToValidateXmlResponseHeader is started successfully
2021-03-13T23:57:16.893 | INFO  | listeners.Listeners : testGetRequestToValidateXmlResponseHeader test case is passed
2021-03-13T23:57:16.898 | INFO  | listeners.Listeners : testUpdateUsingPutRequest is started successfully
2021-03-13T23:57:17.133 | ERROR | listeners.Listeners : testUpdateUsingPutRequest test case is failed
2021-03-13T23:57:17.160 | INFO  | listeners.Listeners : deleteRequestWithPathParam is started successfully
2021-03-13T23:57:17.226 | ERROR | listeners.Listeners : deleteRequestWithPathParam test case is failed
2021-03-13T23:57:17.226 | INFO  | listeners.Listeners : deleteSpecificRecordUsingDeleteRequest is started successfully
2021-03-13T23:57:17.257 | INFO  | listeners.Listeners : deleteSpecificRecordUsingDeleteRequest test case is passed
2021-03-13T23:57:17.273 | INFO  | listeners.Listeners : getParticularJobDetailsUsingQueryParams is started successfully
2021-03-13T23:57:17.320 | INFO  | listeners.Listeners : getParticularJobDetailsUsingQueryParams test case is passed
2021-03-13T23:57:17.335 | INFO  | listeners.Listeners : pathRequestWithQueryParam is started successfully
2021-03-13T23:57:17.394 | ERROR | listeners.Listeners : pathRequestWithQueryParam test case is failed
2021-03-13T23:58:50.837 | INFO  | tests.BaseTest : Inside @BeforeSuite Annotation to initialie the Extent Report
2021-03-13T23:58:52.154 | INFO  | listeners.Listeners : testGetRequestToValidateJsonResponseBody is started successfully
2021-03-13T23:58:55.851 | INFO  | listeners.Listeners : testGetRequestToValidateJsonResponseBody test case is passed
2021-03-13T23:58:55.869 | INFO  | listeners.Listeners : testGetRequestToValidateJsonResponseHeader is started successfully
2021-03-13T23:58:55.932 | INFO  | listeners.Listeners : testGetRequestToValidateJsonResponseHeader test case is passed
2021-03-13T23:58:55.932 | INFO  | listeners.Listeners : testGetRequestToValidateResponseBodyUsingJsonPath is started successfully
2021-03-13T23:58:56.028 | INFO  | listeners.Listeners : testGetRequestToValidateResponseBodyUsingJsonPath test case is passed
2021-03-13T23:58:56.028 | INFO  | listeners.Listeners : testGetRequestToValidateStatusCode is started successfully
2021-03-13T23:58:56.090 | INFO  | listeners.Listeners : testGetRequestToValidateStatusCode test case is passed
2021-03-13T23:58:56.090 | INFO  | listeners.Listeners : testGetRequestToValidateStatusLine is started successfully
2021-03-13T23:58:56.215 | INFO  | listeners.Listeners : testGetRequestToValidateStatusLine test case is passed
2021-03-13T23:58:56.231 | INFO  | listeners.Listeners : testGetRequestToValidateXmlResponseBody is started successfully
2021-03-13T23:58:56.590 | ERROR | listeners.Listeners : testGetRequestToValidateXmlResponseBody test case is failed
2021-03-13T23:58:56.598 | INFO  | listeners.Listeners : testGetRequestToValidateXmlResponseHeader is started successfully
2021-03-13T23:58:56.623 | INFO  | listeners.Listeners : testGetRequestToValidateXmlResponseHeader test case is passed
2021-03-13T23:58:56.623 | INFO  | listeners.Listeners : testUpdateUsingPutRequest is started successfully
2021-03-13T23:58:56.848 | ERROR | listeners.Listeners : testUpdateUsingPutRequest test case is failed
2021-03-13T23:58:56.857 | INFO  | listeners.Listeners : deleteRequestWithPathParam is started successfully
2021-03-13T23:58:56.939 | ERROR | listeners.Listeners : deleteRequestWithPathParam test case is failed
2021-03-13T23:58:56.939 | INFO  | listeners.Listeners : deleteSpecificRecordUsingDeleteRequest is started successfully
2021-03-13T23:58:56.971 | ERROR | listeners.Listeners : deleteSpecificRecordUsingDeleteRequest test case is failed
2021-03-13T23:58:56.971 | INFO  | listeners.Listeners : getParticularJobDetailsUsingQueryParams is started successfully
2021-03-13T23:58:57.022 | INFO  | listeners.Listeners : getParticularJobDetailsUsingQueryParams test case is passed
2021-03-13T23:58:57.038 | INFO  | listeners.Listeners : pathRequestWithQueryParam is started successfully
2021-03-13T23:58:57.085 | INFO  | listeners.Listeners : pathRequestWithQueryParam test case is passed
