2021-03-21T00:17:13.916 | INFO  | tests.BaseTest : Inside @BeforeSuite Annotation to initialie the Extent Report
2021-03-21T00:17:15.136 | INFO  | listeners.CustomTestListeners : getRequestToValidateJsonResponseBody is started successfully
2021-03-21T00:17:18.773 | INFO  | listeners.CustomTestListeners : getRequestToValidateJsonResponseBody test case is passed
2021-03-21T00:17:18.779 | INFO  | listeners.CustomTestListeners : getRequestToValidateJsonResponseHeader is started successfully
2021-03-21T00:17:18.860 | INFO  | listeners.CustomTestListeners : getRequestToValidateJsonResponseHeader test case is passed
2021-03-21T00:17:18.871 | INFO  | listeners.CustomTestListeners : getRequestToValidateResponseBodyUsingJsonPath is started successfully
2021-03-21T00:17:19.334 | INFO  | listeners.CustomTestListeners : getRequestToValidateResponseBodyUsingJsonPath test case is passed
2021-03-21T00:17:19.347 | INFO  | listeners.CustomTestListeners : getRequestToValidateStatusCode is started successfully
2021-03-21T00:17:19.410 | INFO  | listeners.CustomTestListeners : getRequestToValidateStatusCode test case is passed
2021-03-21T00:17:19.416 | INFO  | listeners.CustomTestListeners : getRequestToValidateStatusLine is started successfully
2021-03-21T00:17:19.510 | INFO  | listeners.CustomTestListeners : getRequestToValidateStatusLine test case is passed
2021-03-21T00:17:19.513 | INFO  | listeners.CustomTestListeners : getRequestToValidateXmlResponseBody is started successfully
2021-03-21T00:17:19.862 | INFO  | listeners.CustomTestListeners : getRequestToValidateXmlResponseBody test case is passed
2021-03-21T00:17:19.869 | INFO  | listeners.CustomTestListeners : getRequestToValidateXmlResponseHeader is started successfully
2021-03-21T00:17:19.914 | INFO  | listeners.CustomTestListeners : getRequestToValidateXmlResponseHeader test case is passed
2021-03-21T00:17:19.917 | INFO  | listeners.CustomTestListeners : updateUsingPutRequest is started successfully
2021-03-21T00:17:20.145 | ERROR | listeners.CustomTestListeners : updateUsingPutRequest test case is failed
2021-03-21T00:17:20.150 | INFO  | listeners.CustomTestListeners : deleteRequestWithPathParam is started successfully
2021-03-21T00:17:20.244 | ERROR | listeners.CustomTestListeners : deleteRequestWithPathParam test case is failed
2021-03-21T00:17:20.269 | INFO  | listeners.CustomTestListeners : deleteSpecificRecordUsingDeleteRequest is started successfully
2021-03-21T00:17:20.311 | ERROR | listeners.CustomTestListeners : deleteSpecificRecordUsingDeleteRequest test case is failed
2021-03-21T00:17:20.319 | INFO  | listeners.CustomTestListeners : getParticularJobDetailsUsingQueryParams is started successfully
2021-03-21T00:17:20.381 | INFO  | listeners.CustomTestListeners : getParticularJobDetailsUsingQueryParams test case is passed
2021-03-21T00:17:20.390 | INFO  | listeners.CustomTestListeners : patchRequestWithQueryParam is started successfully
2021-03-21T00:17:20.439 | ERROR | listeners.CustomTestListeners : patchRequestWithQueryParam test case is failed
2021-03-21T00:17:20.446 | INFO  | listeners.CustomTestListeners : headRequestToValidateStatusCode is started successfully
2021-03-21T00:17:20.476 | INFO  | listeners.CustomTestListeners : headRequestToValidateStatusCode test case is passed
2021-03-21T00:17:20.479 | INFO  | listeners.CustomTestListeners : secureGetRequestUsingChallengedBasicAuth is started successfully
2021-03-21T00:17:20.694 | INFO  | listeners.CustomTestListeners : secureGetRequestUsingChallengedBasicAuth test case is passed
2021-03-21T00:17:20.698 | INFO  | listeners.CustomTestListeners : getRequestUsingDigestAuth is started successfully
2021-03-21T00:17:21.965 | INFO  | listeners.CustomTestListeners : getRequestUsingDigestAuth test case is passed
2021-03-21T00:17:21.971 | INFO  | listeners.CustomTestListeners : validateJsonSchema is started successfully
2021-03-21T00:17:22.753 | INFO  | listeners.CustomTestListeners : validateJsonSchema test case is passed
2021-03-21T00:17:22.766 | INFO  | listeners.CustomTestListeners : validateXmlXsdSchema is started successfully
2021-03-21T00:17:23.285 | ERROR | listeners.CustomTestListeners : validateXmlXsdSchema test case is failed
2021-03-21T00:17:23.289 | INFO  | listeners.CustomTestListeners : validateXmlNamespace is started successfully
2021-03-21T00:17:23.565 | ERROR | listeners.CustomTestListeners : validateXmlNamespace test case is failed
2021-03-21T00:17:23.569 | INFO  | listeners.CustomTestListeners : getRequestUsingMockService is started successfully
2021-03-21T00:17:23.605 | INFO  | listeners.CustomTestListeners : getRequestUsingMockService test case is passed
2021-03-21T00:17:23.617 | INFO  | listeners.CustomTestListeners : specifyPort is started successfully
2021-03-21T00:17:23.644 | INFO  | listeners.CustomTestListeners : specifyPort test case is passed
2021-03-21T00:17:23.646 | INFO  | listeners.CustomTestListeners : validateResponseTime is started successfully
2021-03-21T00:17:23.715 | INFO  | listeners.CustomTestListeners : validateResponseTime test case is passed
2021-03-21T00:18:33.070 | INFO  | tests.BaseTest : Inside @BeforeSuite Annotation to initialie the Extent Report
2021-03-21T00:18:34.263 | INFO  | listeners.CustomTestListeners : getRequestToValidateJsonResponseBody is started successfully
2021-03-21T00:18:37.842 | INFO  | listeners.CustomTestListeners : getRequestToValidateJsonResponseBody test case is passed
2021-03-21T00:18:37.849 | INFO  | listeners.CustomTestListeners : getRequestToValidateJsonResponseHeader is started successfully
2021-03-21T00:18:37.893 | INFO  | listeners.CustomTestListeners : getRequestToValidateJsonResponseHeader test case is passed
2021-03-21T00:18:37.897 | INFO  | listeners.CustomTestListeners : getRequestToValidateResponseBodyUsingJsonPath is started successfully
2021-03-21T00:18:37.975 | INFO  | listeners.CustomTestListeners : getRequestToValidateResponseBodyUsingJsonPath test case is passed
2021-03-21T00:18:37.983 | INFO  | listeners.CustomTestListeners : getRequestToValidateStatusCode is started successfully
2021-03-21T00:18:38.027 | INFO  | listeners.CustomTestListeners : getRequestToValidateStatusCode test case is passed
2021-03-21T00:18:38.034 | INFO  | listeners.CustomTestListeners : getRequestToValidateStatusLine is started successfully
2021-03-21T00:18:38.086 | INFO  | listeners.CustomTestListeners : getRequestToValidateStatusLine test case is passed
2021-03-21T00:18:38.090 | INFO  | listeners.CustomTestListeners : getRequestToValidateXmlResponseBody is started successfully
2021-03-21T00:18:38.425 | INFO  | listeners.CustomTestListeners : getRequestToValidateXmlResponseBody test case is passed
2021-03-21T00:18:38.428 | INFO  | listeners.CustomTestListeners : getRequestToValidateXmlResponseHeader is started successfully
2021-03-21T00:18:38.460 | INFO  | listeners.CustomTestListeners : getRequestToValidateXmlResponseHeader test case is passed
2021-03-21T00:18:38.463 | INFO  | listeners.CustomTestListeners : updateUsingPutRequest is started successfully
2021-03-21T00:18:38.638 | ERROR | listeners.CustomTestListeners : updateUsingPutRequest test case is failed
2021-03-21T00:18:38.653 | INFO  | listeners.CustomTestListeners : deleteRequestWithPathParam is started successfully
2021-03-21T00:18:38.804 | ERROR | listeners.CustomTestListeners : deleteRequestWithPathParam test case is failed
2021-03-21T00:18:38.807 | INFO  | listeners.CustomTestListeners : deleteSpecificRecordUsingDeleteRequest is started successfully
2021-03-21T00:18:38.857 | ERROR | listeners.CustomTestListeners : deleteSpecificRecordUsingDeleteRequest test case is failed
2021-03-21T00:18:38.867 | INFO  | listeners.CustomTestListeners : getParticularJobDetailsUsingQueryParams is started successfully
2021-03-21T00:18:38.950 | INFO  | listeners.CustomTestListeners : getParticularJobDetailsUsingQueryParams test case is passed
2021-03-21T00:18:38.958 | INFO  | listeners.CustomTestListeners : patchRequestWithQueryParam is started successfully
2021-03-21T00:18:39.019 | ERROR | listeners.CustomTestListeners : patchRequestWithQueryParam test case is failed
2021-03-21T00:18:39.027 | INFO  | listeners.CustomTestListeners : headRequestToValidateStatusCode is started successfully
2021-03-21T00:18:39.065 | INFO  | listeners.CustomTestListeners : headRequestToValidateStatusCode test case is passed
2021-03-21T00:18:39.069 | INFO  | listeners.CustomTestListeners : secureGetRequestUsingChallengedBasicAuth is started successfully
2021-03-21T00:18:39.341 | INFO  | listeners.CustomTestListeners : secureGetRequestUsingChallengedBasicAuth test case is passed
2021-03-21T00:18:39.344 | INFO  | listeners.CustomTestListeners : getRequestUsingDigestAuth is started successfully
2021-03-21T00:18:40.518 | INFO  | listeners.CustomTestListeners : getRequestUsingDigestAuth test case is passed
2021-03-21T00:18:40.522 | INFO  | listeners.CustomTestListeners : validateJsonSchema is started successfully
2021-03-21T00:18:41.288 | INFO  | listeners.CustomTestListeners : validateJsonSchema test case is passed
2021-03-21T00:18:41.293 | INFO  | listeners.CustomTestListeners : validateXmlXsdSchema is started successfully
2021-03-21T00:18:41.492 | ERROR | listeners.CustomTestListeners : validateXmlXsdSchema test case is failed
2021-03-21T00:18:41.498 | INFO  | listeners.CustomTestListeners : validateXmlNamespace is started successfully
2021-03-21T00:18:41.604 | INFO  | listeners.CustomTestListeners : validateXmlNamespace test case is passed
2021-03-21T00:18:41.609 | INFO  | listeners.CustomTestListeners : getRequestUsingMockService is started successfully
2021-03-21T00:18:41.634 | INFO  | listeners.CustomTestListeners : getRequestUsingMockService test case is passed
2021-03-21T00:18:41.637 | INFO  | listeners.CustomTestListeners : specifyPort is started successfully
2021-03-21T00:18:41.672 | INFO  | listeners.CustomTestListeners : specifyPort test case is passed
2021-03-21T00:18:41.674 | INFO  | listeners.CustomTestListeners : validateResponseTime is started successfully
2021-03-21T00:18:41.740 | INFO  | listeners.CustomTestListeners : validateResponseTime test case is passed
2021-03-21T00:26:57.486 | INFO  | tests.BaseTest : Inside @BeforeSuite Annotation to initialie the Extent Report
2021-03-21T00:26:58.492 | INFO  | listeners.CustomTestListeners : getRequestToValidateJsonResponseBody is started successfully
2021-03-21T00:27:01.697 | INFO  | listeners.CustomTestListeners : getRequestToValidateJsonResponseBody test case is passed
2021-03-21T00:27:01.710 | INFO  | listeners.CustomTestListeners : getRequestToValidateJsonResponseHeader is started successfully
2021-03-21T00:27:01.741 | INFO  | listeners.CustomTestListeners : getRequestToValidateJsonResponseHeader test case is passed
2021-03-21T00:27:01.741 | INFO  | listeners.CustomTestListeners : getRequestToValidateResponseBodyUsingJsonPath is started successfully
2021-03-21T00:27:01.835 | INFO  | listeners.CustomTestListeners : getRequestToValidateResponseBodyUsingJsonPath test case is passed
2021-03-21T00:27:01.835 | INFO  | listeners.CustomTestListeners : getRequestToValidateStatusCode is started successfully
2021-03-21T00:27:01.881 | INFO  | listeners.CustomTestListeners : getRequestToValidateStatusCode test case is passed
2021-03-21T00:27:01.881 | INFO  | listeners.CustomTestListeners : getRequestToValidateStatusLine is started successfully
2021-03-21T00:27:01.928 | INFO  | listeners.CustomTestListeners : getRequestToValidateStatusLine test case is passed
2021-03-21T00:27:01.928 | INFO  | listeners.CustomTestListeners : getRequestToValidateXmlResponseBody is started successfully
2021-03-21T00:27:02.253 | INFO  | listeners.CustomTestListeners : getRequestToValidateXmlResponseBody test case is passed
2021-03-21T00:27:02.257 | INFO  | listeners.CustomTestListeners : getRequestToValidateXmlResponseHeader is started successfully
2021-03-21T00:27:02.284 | INFO  | listeners.CustomTestListeners : getRequestToValidateXmlResponseHeader test case is passed
2021-03-21T00:27:02.288 | INFO  | listeners.CustomTestListeners : updateUsingPutRequest is started successfully
2021-03-21T00:27:02.443 | ERROR | listeners.CustomTestListeners : updateUsingPutRequest test case is failed
2021-03-21T00:27:02.474 | INFO  | listeners.CustomTestListeners : deleteRequestWithPathParam is started successfully
2021-03-21T00:27:02.552 | ERROR | listeners.CustomTestListeners : deleteRequestWithPathParam test case is failed
2021-03-21T00:27:02.552 | INFO  | listeners.CustomTestListeners : deleteSpecificRecordUsingDeleteRequest is started successfully
2021-03-21T00:27:02.599 | ERROR | listeners.CustomTestListeners : deleteSpecificRecordUsingDeleteRequest test case is failed
2021-03-21T00:27:02.615 | INFO  | listeners.CustomTestListeners : getParticularJobDetailsUsingQueryParams is started successfully
2021-03-21T00:27:02.693 | INFO  | listeners.CustomTestListeners : getParticularJobDetailsUsingQueryParams test case is passed
2021-03-21T00:27:02.693 | INFO  | listeners.CustomTestListeners : patchRequestWithQueryParam is started successfully
2021-03-21T00:27:02.756 | ERROR | listeners.CustomTestListeners : patchRequestWithQueryParam test case is failed
2021-03-21T00:27:02.756 | INFO  | listeners.CustomTestListeners : headRequestToValidateStatusCode is started successfully
2021-03-21T00:27:02.819 | INFO  | listeners.CustomTestListeners : headRequestToValidateStatusCode test case is passed
2021-03-21T00:27:02.819 | INFO  | listeners.CustomTestListeners : secureGetRequestUsingChallengedBasicAuth is started successfully
2021-03-21T00:27:03.050 | INFO  | listeners.CustomTestListeners : secureGetRequestUsingChallengedBasicAuth test case is passed
2021-03-21T00:27:03.056 | INFO  | listeners.CustomTestListeners : getRequestUsingDigestAuth is started successfully
2021-03-21T00:27:04.106 | INFO  | listeners.CustomTestListeners : getRequestUsingDigestAuth test case is passed
2021-03-21T00:27:04.110 | INFO  | listeners.CustomTestListeners : validateJsonSchema is started successfully
2021-03-21T00:27:04.697 | INFO  | listeners.CustomTestListeners : validateJsonSchema test case is passed
2021-03-21T00:27:04.697 | INFO  | listeners.CustomTestListeners : validateXmlXsdSchema is started successfully
2021-03-21T00:27:04.822 | INFO  | listeners.CustomTestListeners : validateXmlXsdSchema test case is passed
2021-03-21T00:27:04.838 | INFO  | listeners.CustomTestListeners : validateXmlNamespace is started successfully
2021-03-21T00:27:04.885 | INFO  | listeners.CustomTestListeners : validateXmlNamespace test case is passed
2021-03-21T00:27:04.900 | INFO  | listeners.CustomTestListeners : getRequestUsingMockService is started successfully
2021-03-21T00:27:04.916 | INFO  | listeners.CustomTestListeners : getRequestUsingMockService test case is passed
2021-03-21T00:27:04.932 | INFO  | listeners.CustomTestListeners : specifyPort is started successfully
2021-03-21T00:27:04.963 | INFO  | listeners.CustomTestListeners : specifyPort test case is passed
2021-03-21T00:27:04.963 | INFO  | listeners.CustomTestListeners : validateResponseTime is started successfully
2021-03-21T00:27:05.022 | INFO  | listeners.CustomTestListeners : validateResponseTime test case is passed
2021-03-21T00:33:26.313 | INFO  | tests.BaseTest : Inside @BeforeSuite Annotation to initialie the Extent Report
2021-03-21T00:33:27.382 | INFO  | listeners.CustomTestListeners : getRequestToValidateJsonResponseBody is started successfully
2021-03-21T00:33:30.368 | INFO  | listeners.CustomTestListeners : getRequestToValidateJsonResponseBody test case is passed
2021-03-21T00:33:30.390 | INFO  | listeners.CustomTestListeners : getRequestToValidateJsonResponseHeader is started successfully
2021-03-21T00:33:30.437 | INFO  | listeners.CustomTestListeners : getRequestToValidateJsonResponseHeader test case is passed
2021-03-21T00:33:30.437 | INFO  | listeners.CustomTestListeners : getRequestToValidateResponseBodyUsingJsonPath is started successfully
2021-03-21T00:33:30.515 | INFO  | listeners.CustomTestListeners : getRequestToValidateResponseBodyUsingJsonPath test case is passed
2021-03-21T00:33:30.515 | INFO  | listeners.CustomTestListeners : getRequestToValidateStatusCode is started successfully
2021-03-21T00:33:30.558 | INFO  | listeners.CustomTestListeners : getRequestToValidateStatusCode test case is passed
2021-03-21T00:33:30.574 | INFO  | listeners.CustomTestListeners : getRequestToValidateStatusLine is started successfully
2021-03-21T00:33:30.605 | INFO  | listeners.CustomTestListeners : getRequestToValidateStatusLine test case is passed
2021-03-21T00:33:30.605 | INFO  | listeners.CustomTestListeners : getRequestToValidateXmlResponseBody is started successfully
2021-03-21T00:33:30.863 | INFO  | listeners.CustomTestListeners : getRequestToValidateXmlResponseBody test case is passed
2021-03-21T00:33:30.863 | INFO  | listeners.CustomTestListeners : getRequestToValidateXmlResponseHeader is started successfully
2021-03-21T00:33:30.895 | INFO  | listeners.CustomTestListeners : getRequestToValidateXmlResponseHeader test case is passed
2021-03-21T00:33:30.895 | INFO  | listeners.CustomTestListeners : updateUsingPutRequest is started successfully
2021-03-21T00:33:31.051 | ERROR | listeners.CustomTestListeners : updateUsingPutRequest test case is failed
2021-03-21T00:33:31.082 | INFO  | listeners.CustomTestListeners : deleteRequestWithPathParam is started successfully
2021-03-21T00:33:31.145 | ERROR | listeners.CustomTestListeners : deleteRequestWithPathParam test case is failed
2021-03-21T00:33:31.145 | INFO  | listeners.CustomTestListeners : deleteSpecificRecordUsingDeleteRequest is started successfully
2021-03-21T00:33:31.191 | ERROR | listeners.CustomTestListeners : deleteSpecificRecordUsingDeleteRequest test case is failed
2021-03-21T00:33:31.191 | INFO  | listeners.CustomTestListeners : getParticularJobDetailsUsingQueryParams is started successfully
2021-03-21T00:33:31.223 | INFO  | listeners.CustomTestListeners : getParticularJobDetailsUsingQueryParams test case is passed
2021-03-21T00:33:31.238 | INFO  | listeners.CustomTestListeners : patchRequestWithQueryParam is started successfully
2021-03-21T00:33:31.270 | ERROR | listeners.CustomTestListeners : patchRequestWithQueryParam test case is failed
2021-03-21T00:33:31.270 | INFO  | listeners.CustomTestListeners : headRequestToValidateStatusCode is started successfully
2021-03-21T00:33:31.316 | INFO  | listeners.CustomTestListeners : headRequestToValidateStatusCode test case is passed
2021-03-21T00:33:31.332 | INFO  | listeners.CustomTestListeners : secureGetRequestUsingChallengedBasicAuth is started successfully
2021-03-21T00:33:31.520 | INFO  | listeners.CustomTestListeners : secureGetRequestUsingChallengedBasicAuth test case is passed
2021-03-21T00:33:31.530 | INFO  | listeners.CustomTestListeners : getRequestUsingDigestAuth is started successfully
2021-03-21T00:33:32.364 | INFO  | listeners.CustomTestListeners : getRequestUsingDigestAuth test case is passed
2021-03-21T00:33:32.364 | INFO  | listeners.CustomTestListeners : validateJsonSchema is started successfully
2021-03-21T00:33:32.970 | INFO  | listeners.CustomTestListeners : validateJsonSchema test case is passed
2021-03-21T00:33:32.970 | INFO  | listeners.CustomTestListeners : validateXmlDtdSchema is started successfully
2021-03-21T00:33:33.205 | ERROR | listeners.CustomTestListeners : validateXmlDtdSchema test case is failed
2021-03-21T00:33:33.205 | INFO  | listeners.CustomTestListeners : validateXmlXsdSchema is started successfully
2021-03-21T00:33:33.314 | INFO  | listeners.CustomTestListeners : validateXmlXsdSchema test case is passed
2021-03-21T00:33:33.314 | INFO  | listeners.CustomTestListeners : validateXmlNamespace is started successfully
2021-03-21T00:33:33.392 | INFO  | listeners.CustomTestListeners : validateXmlNamespace test case is passed
2021-03-21T00:33:33.392 | INFO  | listeners.CustomTestListeners : getRequestUsingMockService is started successfully
2021-03-21T00:33:33.424 | INFO  | listeners.CustomTestListeners : getRequestUsingMockService test case is passed
2021-03-21T00:33:33.424 | INFO  | listeners.CustomTestListeners : specifyPort is started successfully
2021-03-21T00:33:33.439 | INFO  | listeners.CustomTestListeners : specifyPort test case is passed
2021-03-21T00:33:33.455 | INFO  | listeners.CustomTestListeners : validateResponseTime is started successfully
2021-03-21T00:33:33.486 | INFO  | listeners.CustomTestListeners : validateResponseTime test case is passed
2021-03-21T00:42:22.868 | INFO  | tests.BaseTest : Inside @BeforeSuite Annotation to initialie the Extent Report
2021-03-21T00:42:23.866 | INFO  | listeners.CustomTestListeners : getRequestToValidateJsonResponseBody is started successfully
2021-03-21T00:42:26.929 | INFO  | listeners.CustomTestListeners : getRequestToValidateJsonResponseBody test case is passed
2021-03-21T00:42:26.941 | INFO  | listeners.CustomTestListeners : getRequestToValidateJsonResponseHeader is started successfully
2021-03-21T00:42:26.972 | INFO  | listeners.CustomTestListeners : getRequestToValidateJsonResponseHeader test case is passed
2021-03-21T00:42:26.988 | INFO  | listeners.CustomTestListeners : getRequestToValidateResponseBodyUsingJsonPath is started successfully
2021-03-21T00:42:27.077 | INFO  | listeners.CustomTestListeners : getRequestToValidateResponseBodyUsingJsonPath test case is passed
2021-03-21T00:42:27.081 | INFO  | listeners.CustomTestListeners : getRequestToValidateStatusCode is started successfully
2021-03-21T00:42:27.116 | INFO  | listeners.CustomTestListeners : getRequestToValidateStatusCode test case is passed
2021-03-21T00:42:27.118 | INFO  | listeners.CustomTestListeners : getRequestToValidateStatusLine is started successfully
2021-03-21T00:42:27.169 | INFO  | listeners.CustomTestListeners : getRequestToValidateStatusLine test case is passed
2021-03-21T00:42:27.173 | INFO  | listeners.CustomTestListeners : getRequestToValidateXmlResponseBody is started successfully
2021-03-21T00:42:27.566 | INFO  | listeners.CustomTestListeners : getRequestToValidateXmlResponseBody test case is passed
2021-03-21T00:42:27.566 | INFO  | listeners.CustomTestListeners : getRequestToValidateXmlResponseHeader is started successfully
2021-03-21T00:42:27.598 | INFO  | listeners.CustomTestListeners : getRequestToValidateXmlResponseHeader test case is passed
2021-03-21T00:42:27.613 | INFO  | listeners.CustomTestListeners : updateUsingPutRequest is started successfully
2021-03-21T00:42:27.785 | ERROR | listeners.CustomTestListeners : updateUsingPutRequest test case is failed
2021-03-21T00:42:27.801 | INFO  | listeners.CustomTestListeners : deleteRequestWithPathParam is started successfully
2021-03-21T00:42:27.863 | ERROR | listeners.CustomTestListeners : deleteRequestWithPathParam test case is failed
2021-03-21T00:42:27.879 | INFO  | listeners.CustomTestListeners : deleteSpecificRecordUsingDeleteRequest is started successfully
2021-03-21T00:42:27.910 | ERROR | listeners.CustomTestListeners : deleteSpecificRecordUsingDeleteRequest test case is failed
2021-03-21T00:42:27.910 | INFO  | listeners.CustomTestListeners : getParticularJobDetailsUsingQueryParams is started successfully
2021-03-21T00:42:27.960 | INFO  | listeners.CustomTestListeners : getParticularJobDetailsUsingQueryParams test case is passed
2021-03-21T00:42:27.976 | INFO  | listeners.CustomTestListeners : patchRequestWithQueryParam is started successfully
2021-03-21T00:42:28.069 | ERROR | listeners.CustomTestListeners : patchRequestWithQueryParam test case is failed
2021-03-21T00:42:28.069 | INFO  | listeners.CustomTestListeners : headRequestToValidateStatusCode is started successfully
2021-03-21T00:42:28.101 | INFO  | listeners.CustomTestListeners : headRequestToValidateStatusCode test case is passed
2021-03-21T00:42:28.101 | INFO  | listeners.CustomTestListeners : secureGetRequestUsingChallengedBasicAuth is started successfully
2021-03-21T00:42:28.284 | INFO  | listeners.CustomTestListeners : secureGetRequestUsingChallengedBasicAuth test case is passed
2021-03-21T00:42:28.287 | INFO  | listeners.CustomTestListeners : getRequestUsingDigestAuth is started successfully
2021-03-21T00:42:29.126 | INFO  | listeners.CustomTestListeners : getRequestUsingDigestAuth test case is passed
2021-03-21T00:42:29.126 | INFO  | listeners.CustomTestListeners : validateJsonSchema is started successfully
2021-03-21T00:42:29.659 | INFO  | listeners.CustomTestListeners : validateJsonSchema test case is passed
2021-03-21T00:42:29.659 | INFO  | listeners.CustomTestListeners : validateXmlDtdSchema is started successfully
2021-03-21T00:42:29.831 | ERROR | listeners.CustomTestListeners : validateXmlDtdSchema test case is failed
2021-03-21T00:42:29.831 | INFO  | listeners.CustomTestListeners : validateXmlXsdSchema is started successfully
2021-03-21T00:42:29.956 | INFO  | listeners.CustomTestListeners : validateXmlXsdSchema test case is passed
2021-03-21T00:42:29.956 | INFO  | listeners.CustomTestListeners : validateXmlNamespace is started successfully
2021-03-21T00:42:30.037 | INFO  | listeners.CustomTestListeners : validateXmlNamespace test case is passed
2021-03-21T00:42:30.045 | INFO  | listeners.CustomTestListeners : getRequestUsingMockService is started successfully
2021-03-21T00:42:30.068 | INFO  | listeners.CustomTestListeners : getRequestUsingMockService test case is passed
2021-03-21T00:42:30.073 | INFO  | listeners.CustomTestListeners : specifyPort is started successfully
2021-03-21T00:42:30.097 | INFO  | listeners.CustomTestListeners : specifyPort test case is passed
2021-03-21T00:42:30.099 | INFO  | listeners.CustomTestListeners : validateResponseTime is started successfully
2021-03-21T00:42:30.133 | INFO  | listeners.CustomTestListeners : validateResponseTime test case is passed
2021-03-21T00:42:30.143 | INFO  | listeners.CustomTestListeners : responseAwareMatcherTest is started successfully
2021-03-21T00:42:30.205 | INFO  | listeners.CustomTestListeners : responseAwareMatcherTest test case is passed
